2025-02-12 08:11:08,142 - __main__ - INFO - Searching for data for Region.USA at https://tradingeconomics.com/united-states/indicators
2025-02-12 08:11:10,253 - __main__ - INFO - Processing indicator: Currency
2025-02-12 08:11:10,253 - __main__ - INFO - Processing indicator: Stock Market
2025-02-12 08:11:10,253 - __main__ - INFO - Processing indicator: GDP Growth Rate
2025-02-12 08:11:10,253 - __main__ - INFO - Processing indicator: GDP Annual Growth Rate
2025-02-12 08:11:10,253 - __main__ - INFO - Processing indicator: Unemployment Rate
2025-02-12 08:11:10,253 - __main__ - INFO - Processing indicator: Non Farm Payrolls
2025-02-12 08:11:10,255 - __main__ - INFO - Processing indicator: Inflation Rate
2025-02-12 08:11:10,255 - __main__ - INFO - Processing indicator: Inflation Rate MoM
2025-02-12 08:11:10,255 - __main__ - INFO - Processing indicator: Interest Rate
2025-02-12 08:11:10,255 - __main__ - INFO - Processing indicator: Balance of Trade
2025-02-12 08:11:10,255 - __main__ - INFO - Processing indicator: Current Account
2025-02-12 08:11:10,255 - __main__ - INFO - Processing indicator: Current Account to GDP
2025-02-12 08:11:10,255 - __main__ - INFO - Processing indicator: Government Debt to GDP
2025-02-12 08:11:10,255 - __main__ - INFO - Processing indicator: Government Budget
2025-02-12 08:11:10,255 - __main__ - INFO - Processing indicator: Business Confidence
2025-02-12 08:11:10,255 - __main__ - INFO - Processing indicator: Manufacturing PMI
2025-02-12 08:11:10,255 - __main__ - INFO - Processing indicator: Non Manufacturing PMI
2025-02-12 08:11:10,255 - __main__ - INFO - Processing indicator: Services PMI
2025-02-12 08:11:10,255 - __main__ - INFO - Processing indicator: Consumer Confidence
2025-02-12 08:11:10,255 - __main__ - INFO - Processing indicator: Retail Sales MoM
2025-02-12 08:11:10,255 - __main__ - INFO - Processing indicator: Building Permits
2025-02-12 08:11:10,255 - __main__ - INFO - Processing indicator: Corporate Tax Rate
2025-02-12 08:11:10,255 - __main__ - INFO - Processing indicator: Personal Income Tax Rate
2025-02-12 08:11:10,255 - __main__ - INFO - Searching for data for Region.EURO at https://tradingeconomics.com/euro-area/indicators
2025-02-12 08:11:12,224 - __main__ - INFO - Processing indicator: Currency
2025-02-12 08:11:12,224 - __main__ - INFO - Processing indicator: Stock Market
2025-02-12 08:11:12,224 - __main__ - INFO - Processing indicator: GDP Growth Rate
2025-02-12 08:11:12,224 - __main__ - INFO - Processing indicator: GDP Annual Growth Rate
2025-02-12 08:11:12,224 - __main__ - INFO - Processing indicator: Unemployment Rate
2025-02-12 08:11:12,224 - __main__ - INFO - Processing indicator: Inflation Rate
2025-02-12 08:11:12,224 - __main__ - INFO - Processing indicator: Inflation Rate MoM
2025-02-12 08:11:12,224 - __main__ - INFO - Processing indicator: Interest Rate
2025-02-12 08:11:12,225 - __main__ - INFO - Processing indicator: Balance of Trade
2025-02-12 08:11:12,225 - __main__ - INFO - Processing indicator: Current Account
2025-02-12 08:11:12,225 - __main__ - INFO - Processing indicator: Current Account to GDP
2025-02-12 08:11:12,225 - __main__ - INFO - Processing indicator: Government Debt to GDP
2025-02-12 08:11:12,225 - __main__ - INFO - Processing indicator: Government Budget
2025-02-12 08:11:12,225 - __main__ - INFO - Processing indicator: Business Confidence
2025-02-12 08:11:12,225 - __main__ - INFO - Processing indicator: Manufacturing PMI
2025-02-12 08:11:12,225 - __main__ - INFO - Processing indicator: Services PMI
2025-02-12 08:11:12,225 - __main__ - INFO - Processing indicator: Consumer Confidence
2025-02-12 08:11:12,225 - __main__ - INFO - Processing indicator: Retail Sales MoM
2025-02-12 08:11:12,225 - __main__ - INFO - Processing indicator: Corporate Tax Rate
2025-02-12 08:11:12,225 - __main__ - INFO - Processing indicator: Personal Income Tax Rate
2025-02-12 08:11:12,225 - __main__ - INFO - Searching for data for Region.CHINA at https://tradingeconomics.com/china/indicators
2025-02-12 08:11:14,197 - __main__ - INFO - Processing indicator: Currency
2025-02-12 08:11:14,197 - __main__ - INFO - Processing indicator: Stock Market
2025-02-12 08:11:14,197 - __main__ - INFO - Processing indicator: GDP Growth Rate
2025-02-12 08:11:14,197 - __main__ - INFO - Processing indicator: GDP Annual Growth Rate
2025-02-12 08:11:14,197 - __main__ - INFO - Processing indicator: Unemployment Rate
2025-02-12 08:11:14,198 - __main__ - INFO - Processing indicator: Inflation Rate
2025-02-12 08:11:14,198 - __main__ - INFO - Processing indicator: Inflation Rate MoM
2025-02-12 08:11:14,198 - __main__ - INFO - Processing indicator: Interest Rate
2025-02-12 08:11:14,198 - __main__ - INFO - Processing indicator: Cash Reserve Ratio
2025-02-12 08:11:14,198 - __main__ - INFO - Processing indicator: Balance of Trade
2025-02-12 08:11:14,198 - __main__ - INFO - Processing indicator: Current Account
2025-02-12 08:11:14,198 - __main__ - INFO - Processing indicator: Current Account to GDP
2025-02-12 08:11:14,198 - __main__ - INFO - Processing indicator: Government Debt to GDP
2025-02-12 08:11:14,198 - __main__ - INFO - Processing indicator: Government Budget
2025-02-12 08:11:14,198 - __main__ - INFO - Processing indicator: Business Confidence
2025-02-12 08:11:14,198 - __main__ - INFO - Processing indicator: Manufacturing PMI
2025-02-12 08:11:14,198 - __main__ - INFO - Processing indicator: Non Manufacturing PMI
2025-02-12 08:11:14,198 - __main__ - INFO - Processing indicator: Services PMI
2025-02-12 08:11:14,198 - __main__ - INFO - Processing indicator: Consumer Confidence
2025-02-12 08:11:14,199 - __main__ - INFO - Processing indicator: Retail Sales MoM
2025-02-12 08:11:14,199 - __main__ - INFO - Processing indicator: Corporate Tax Rate
2025-02-12 08:11:14,199 - __main__ - INFO - Processing indicator: Personal Income Tax Rate
2025-02-12 08:11:23,449 - __main__ - INFO - Searching for data for Region.USA at https://tradingeconomics.com/united-states/indicators
2025-02-12 08:11:25,499 - __main__ - INFO - Processing indicator: Currency
2025-02-12 08:11:25,499 - __main__ - INFO - Processing indicator: Stock Market
2025-02-12 08:11:25,499 - __main__ - INFO - Processing indicator: GDP Growth Rate
2025-02-12 08:11:25,499 - __main__ - INFO - Processing indicator: GDP Annual Growth Rate
2025-02-12 08:11:25,499 - __main__ - INFO - Processing indicator: Unemployment Rate
2025-02-12 08:11:25,499 - __main__ - INFO - Processing indicator: Non Farm Payrolls
2025-02-12 08:11:25,499 - __main__ - INFO - Processing indicator: Inflation Rate
2025-02-12 08:11:25,499 - __main__ - INFO - Processing indicator: Inflation Rate MoM
2025-02-12 08:11:25,499 - __main__ - INFO - Processing indicator: Interest Rate
2025-02-12 08:11:25,499 - __main__ - INFO - Processing indicator: Balance of Trade
2025-02-12 08:11:25,499 - __main__ - INFO - Processing indicator: Current Account
2025-02-12 08:11:25,499 - __main__ - INFO - Processing indicator: Current Account to GDP
2025-02-12 08:11:25,499 - __main__ - INFO - Processing indicator: Government Debt to GDP
2025-02-12 08:11:25,499 - __main__ - INFO - Processing indicator: Government Budget
2025-02-12 08:11:25,499 - __main__ - INFO - Processing indicator: Business Confidence
2025-02-12 08:11:25,499 - __main__ - INFO - Processing indicator: Manufacturing PMI
2025-02-12 08:11:25,499 - __main__ - INFO - Processing indicator: Non Manufacturing PMI
2025-02-12 08:11:25,499 - __main__ - INFO - Processing indicator: Services PMI
2025-02-12 08:11:25,499 - __main__ - INFO - Processing indicator: Consumer Confidence
2025-02-12 08:11:25,499 - __main__ - INFO - Processing indicator: Retail Sales MoM
2025-02-12 08:11:25,499 - __main__ - INFO - Processing indicator: Building Permits
2025-02-12 08:11:25,499 - __main__ - INFO - Processing indicator: Corporate Tax Rate
2025-02-12 08:11:25,500 - __main__ - INFO - Processing indicator: Personal Income Tax Rate
2025-02-12 08:11:25,500 - __main__ - INFO - Searching for data for Region.EURO at https://tradingeconomics.com/euro-area/indicators
2025-02-12 08:11:27,469 - __main__ - INFO - Processing indicator: Currency
2025-02-12 08:11:27,469 - __main__ - INFO - Processing indicator: Stock Market
2025-02-12 08:11:27,469 - __main__ - INFO - Processing indicator: GDP Growth Rate
2025-02-12 08:11:27,469 - __main__ - INFO - Processing indicator: GDP Annual Growth Rate
2025-02-12 08:11:27,469 - __main__ - INFO - Processing indicator: Unemployment Rate
2025-02-12 08:11:27,469 - __main__ - INFO - Processing indicator: Inflation Rate
2025-02-12 08:11:27,469 - __main__ - INFO - Processing indicator: Inflation Rate MoM
2025-02-12 08:11:27,469 - __main__ - INFO - Processing indicator: Interest Rate
2025-02-12 08:11:27,469 - __main__ - INFO - Processing indicator: Balance of Trade
2025-02-12 08:11:27,470 - __main__ - INFO - Processing indicator: Current Account
2025-02-12 08:11:27,470 - __main__ - INFO - Processing indicator: Current Account to GDP
2025-02-12 08:11:27,470 - __main__ - INFO - Processing indicator: Government Debt to GDP
2025-02-12 08:11:27,470 - __main__ - INFO - Processing indicator: Government Budget
2025-02-12 08:11:27,470 - __main__ - INFO - Processing indicator: Business Confidence
2025-02-12 08:11:27,470 - __main__ - INFO - Processing indicator: Manufacturing PMI
2025-02-12 08:11:27,470 - __main__ - INFO - Processing indicator: Services PMI
2025-02-12 08:11:27,470 - __main__ - INFO - Processing indicator: Consumer Confidence
2025-02-12 08:11:27,470 - __main__ - INFO - Processing indicator: Retail Sales MoM
2025-02-12 08:11:27,470 - __main__ - INFO - Processing indicator: Corporate Tax Rate
2025-02-12 08:11:27,470 - __main__ - INFO - Processing indicator: Personal Income Tax Rate
2025-02-12 08:11:27,470 - __main__ - INFO - Searching for data for Region.CHINA at https://tradingeconomics.com/china/indicators
2025-02-12 08:11:29,441 - __main__ - INFO - Processing indicator: Currency
2025-02-12 08:11:29,441 - __main__ - INFO - Processing indicator: Stock Market
2025-02-12 08:11:29,441 - __main__ - INFO - Processing indicator: GDP Growth Rate
2025-02-12 08:11:29,441 - __main__ - INFO - Processing indicator: GDP Annual Growth Rate
2025-02-12 08:11:29,441 - __main__ - INFO - Processing indicator: Unemployment Rate
2025-02-12 08:11:29,441 - __main__ - INFO - Processing indicator: Inflation Rate
2025-02-12 08:11:29,441 - __main__ - INFO - Processing indicator: Inflation Rate MoM
2025-02-12 08:11:29,441 - __main__ - INFO - Processing indicator: Interest Rate
2025-02-12 08:11:29,441 - __main__ - INFO - Processing indicator: Cash Reserve Ratio
2025-02-12 08:11:29,441 - __main__ - INFO - Processing indicator: Balance of Trade
2025-02-12 08:11:29,441 - __main__ - INFO - Processing indicator: Current Account
2025-02-12 08:11:29,441 - __main__ - INFO - Processing indicator: Current Account to GDP
2025-02-12 08:11:29,441 - __main__ - INFO - Processing indicator: Government Debt to GDP
2025-02-12 08:11:29,441 - __main__ - INFO - Processing indicator: Government Budget
2025-02-12 08:11:29,441 - __main__ - INFO - Processing indicator: Business Confidence
2025-02-12 08:11:29,441 - __main__ - INFO - Processing indicator: Manufacturing PMI
2025-02-12 08:11:29,441 - __main__ - INFO - Processing indicator: Non Manufacturing PMI
2025-02-12 08:11:29,441 - __main__ - INFO - Processing indicator: Services PMI
2025-02-12 08:11:29,441 - __main__ - INFO - Processing indicator: Consumer Confidence
2025-02-12 08:11:29,442 - __main__ - INFO - Processing indicator: Retail Sales MoM
2025-02-12 08:11:29,442 - __main__ - INFO - Processing indicator: Corporate Tax Rate
2025-02-12 08:11:29,442 - __main__ - INFO - Processing indicator: Personal Income Tax Rate
2025-02-12 08:19:12,095 - __main__ - ERROR - Error during test execution: "MacroMonitorTool" object has no field "base_url"
2025-02-12 08:21:21,658 - __main__ - INFO - Searching for data for Region.USA at https://tradingeconomics.com/united-states/indicators
2025-02-12 08:21:23,727 - __main__ - INFO - Processing indicator: Currency
2025-02-12 08:21:23,727 - __main__ - INFO - Processing indicator: Stock Market
2025-02-12 08:21:23,727 - __main__ - INFO - Processing indicator: GDP Growth Rate
2025-02-12 08:21:23,727 - __main__ - INFO - Processing indicator: GDP Annual Growth Rate
2025-02-12 08:21:23,727 - __main__ - INFO - Processing indicator: Unemployment Rate
2025-02-12 08:21:23,727 - __main__ - INFO - Processing indicator: Non Farm Payrolls
2025-02-12 08:21:23,727 - __main__ - INFO - Processing indicator: Inflation Rate
2025-02-12 08:21:23,727 - __main__ - INFO - Processing indicator: Inflation Rate MoM
2025-02-12 08:21:23,727 - __main__ - INFO - Processing indicator: Interest Rate
2025-02-12 08:21:23,727 - __main__ - INFO - Processing indicator: Balance of Trade
2025-02-12 08:21:23,728 - __main__ - INFO - Processing indicator: Current Account
2025-02-12 08:21:23,728 - __main__ - INFO - Processing indicator: Current Account to GDP
2025-02-12 08:21:23,728 - __main__ - INFO - Processing indicator: Government Debt to GDP
2025-02-12 08:21:23,728 - __main__ - INFO - Processing indicator: Government Budget
2025-02-12 08:21:23,728 - __main__ - INFO - Processing indicator: Business Confidence
2025-02-12 08:21:23,728 - __main__ - INFO - Processing indicator: Manufacturing PMI
2025-02-12 08:21:23,728 - __main__ - INFO - Processing indicator: Non Manufacturing PMI
2025-02-12 08:21:23,728 - __main__ - INFO - Processing indicator: Services PMI
2025-02-12 08:21:23,728 - __main__ - INFO - Processing indicator: Consumer Confidence
2025-02-12 08:21:23,728 - __main__ - INFO - Processing indicator: Retail Sales MoM
2025-02-12 08:21:23,728 - __main__ - INFO - Processing indicator: Building Permits
2025-02-12 08:21:23,728 - __main__ - INFO - Processing indicator: Corporate Tax Rate
2025-02-12 08:21:23,728 - __main__ - INFO - Processing indicator: Personal Income Tax Rate
2025-02-12 08:21:23,728 - __main__ - INFO - Searching for data for Region.EURO at https://tradingeconomics.com/euro-area/indicators
2025-02-12 08:21:25,781 - __main__ - INFO - Processing indicator: Currency
2025-02-12 08:21:25,781 - __main__ - INFO - Processing indicator: Stock Market
2025-02-12 08:21:25,781 - __main__ - INFO - Processing indicator: GDP Growth Rate
2025-02-12 08:21:25,781 - __main__ - INFO - Processing indicator: GDP Annual Growth Rate
2025-02-12 08:21:25,781 - __main__ - INFO - Processing indicator: Unemployment Rate
2025-02-12 08:21:25,781 - __main__ - INFO - Processing indicator: Inflation Rate
2025-02-12 08:21:25,781 - __main__ - INFO - Processing indicator: Inflation Rate MoM
2025-02-12 08:21:25,781 - __main__ - INFO - Processing indicator: Interest Rate
2025-02-12 08:21:25,781 - __main__ - INFO - Processing indicator: Balance of Trade
2025-02-12 08:21:25,781 - __main__ - INFO - Processing indicator: Current Account
2025-02-12 08:21:25,781 - __main__ - INFO - Processing indicator: Current Account to GDP
2025-02-12 08:21:25,781 - __main__ - INFO - Processing indicator: Government Debt to GDP
2025-02-12 08:21:25,781 - __main__ - INFO - Processing indicator: Government Budget
2025-02-12 08:21:25,781 - __main__ - INFO - Processing indicator: Business Confidence
2025-02-12 08:21:25,781 - __main__ - INFO - Processing indicator: Manufacturing PMI
2025-02-12 08:21:25,781 - __main__ - INFO - Processing indicator: Services PMI
2025-02-12 08:21:25,781 - __main__ - INFO - Processing indicator: Consumer Confidence
2025-02-12 08:21:25,781 - __main__ - INFO - Processing indicator: Retail Sales MoM
2025-02-12 08:21:25,781 - __main__ - INFO - Processing indicator: Corporate Tax Rate
2025-02-12 08:21:25,781 - __main__ - INFO - Processing indicator: Personal Income Tax Rate
2025-02-12 08:21:25,782 - __main__ - INFO - Searching for data for Region.CHINA at https://tradingeconomics.com/china/indicators
2025-02-12 08:21:27,776 - __main__ - INFO - Processing indicator: Currency
2025-02-12 08:21:27,776 - __main__ - INFO - Processing indicator: Stock Market
2025-02-12 08:21:27,777 - __main__ - INFO - Processing indicator: GDP Growth Rate
2025-02-12 08:21:27,777 - __main__ - INFO - Processing indicator: GDP Annual Growth Rate
2025-02-12 08:21:27,777 - __main__ - INFO - Processing indicator: Unemployment Rate
2025-02-12 08:21:27,777 - __main__ - INFO - Processing indicator: Inflation Rate
2025-02-12 08:21:27,777 - __main__ - INFO - Processing indicator: Inflation Rate MoM
2025-02-12 08:21:27,777 - __main__ - INFO - Processing indicator: Interest Rate
2025-02-12 08:21:27,777 - __main__ - INFO - Processing indicator: Cash Reserve Ratio
2025-02-12 08:21:27,777 - __main__ - INFO - Processing indicator: Balance of Trade
2025-02-12 08:21:27,777 - __main__ - INFO - Processing indicator: Current Account
2025-02-12 08:21:27,777 - __main__ - INFO - Processing indicator: Current Account to GDP
2025-02-12 08:21:27,777 - __main__ - INFO - Processing indicator: Government Debt to GDP
2025-02-12 08:21:27,777 - __main__ - INFO - Processing indicator: Government Budget
2025-02-12 08:21:27,777 - __main__ - INFO - Processing indicator: Business Confidence
2025-02-12 08:21:27,777 - __main__ - INFO - Processing indicator: Manufacturing PMI
2025-02-12 08:21:27,777 - __main__ - INFO - Processing indicator: Non Manufacturing PMI
2025-02-12 08:21:27,777 - __main__ - INFO - Processing indicator: Services PMI
2025-02-12 08:21:27,777 - __main__ - INFO - Processing indicator: Consumer Confidence
2025-02-12 08:21:27,777 - __main__ - INFO - Processing indicator: Retail Sales MoM
2025-02-12 08:21:27,777 - __main__ - INFO - Processing indicator: Corporate Tax Rate
2025-02-12 08:21:27,777 - __main__ - INFO - Processing indicator: Personal Income Tax Rate
2025-02-13 09:56:30,175 - __main__ - INFO - Searching for data for Region.USA at https://tradingeconomics.com/united-states/indicators
2025-02-13 09:56:32,385 - __main__ - INFO - Processing indicator: Currency
2025-02-13 09:56:32,386 - __main__ - INFO - Processing indicator: Stock Market
2025-02-13 09:56:32,386 - __main__ - INFO - Processing indicator: GDP Growth Rate
2025-02-13 09:56:32,386 - __main__ - INFO - Processing indicator: GDP Annual Growth Rate
2025-02-13 09:56:32,386 - __main__ - INFO - Processing indicator: Unemployment Rate
2025-02-13 09:56:32,386 - __main__ - INFO - Processing indicator: Non Farm Payrolls
2025-02-13 09:56:32,386 - __main__ - INFO - Processing indicator: Inflation Rate
2025-02-13 09:56:32,386 - __main__ - INFO - Processing indicator: Inflation Rate MoM
2025-02-13 09:56:32,386 - __main__ - INFO - Processing indicator: Interest Rate
2025-02-13 09:56:32,386 - __main__ - INFO - Processing indicator: Balance of Trade
2025-02-13 09:56:32,386 - __main__ - INFO - Processing indicator: Current Account
2025-02-13 09:56:32,387 - __main__ - INFO - Processing indicator: Current Account to GDP
2025-02-13 09:56:32,387 - __main__ - INFO - Processing indicator: Government Debt to GDP
2025-02-13 09:56:32,387 - __main__ - INFO - Processing indicator: Government Budget
2025-02-13 09:56:32,387 - __main__ - INFO - Processing indicator: Business Confidence
2025-02-13 09:56:32,387 - __main__ - INFO - Processing indicator: Manufacturing PMI
2025-02-13 09:56:32,387 - __main__ - INFO - Processing indicator: Non Manufacturing PMI
2025-02-13 09:56:32,387 - __main__ - INFO - Processing indicator: Services PMI
2025-02-13 09:56:32,387 - __main__ - INFO - Processing indicator: Consumer Confidence
2025-02-13 09:56:32,387 - __main__ - INFO - Processing indicator: Retail Sales MoM
2025-02-13 09:56:32,387 - __main__ - INFO - Processing indicator: Building Permits
2025-02-13 09:56:32,387 - __main__ - INFO - Processing indicator: Corporate Tax Rate
2025-02-13 09:56:32,387 - __main__ - INFO - Processing indicator: Personal Income Tax Rate
2025-02-13 09:56:32,387 - __main__ - INFO - Searching for data for Region.EURO at https://tradingeconomics.com/euro-area/indicators
2025-02-13 09:56:34,461 - __main__ - INFO - Processing indicator: Currency
2025-02-13 09:56:34,462 - __main__ - INFO - Processing indicator: Stock Market
2025-02-13 09:56:34,462 - __main__ - INFO - Processing indicator: GDP Growth Rate
2025-02-13 09:56:34,462 - __main__ - INFO - Processing indicator: GDP Annual Growth Rate
2025-02-13 09:56:34,462 - __main__ - INFO - Processing indicator: Unemployment Rate
2025-02-13 09:56:34,462 - __main__ - INFO - Processing indicator: Inflation Rate
2025-02-13 09:56:34,462 - __main__ - INFO - Processing indicator: Inflation Rate MoM
2025-02-13 09:56:34,462 - __main__ - INFO - Processing indicator: Interest Rate
2025-02-13 09:56:34,462 - __main__ - INFO - Processing indicator: Balance of Trade
2025-02-13 09:56:34,462 - __main__ - INFO - Processing indicator: Current Account
2025-02-13 09:56:34,462 - __main__ - INFO - Processing indicator: Current Account to GDP
2025-02-13 09:56:34,462 - __main__ - INFO - Processing indicator: Government Debt to GDP
2025-02-13 09:56:34,462 - __main__ - INFO - Processing indicator: Government Budget
2025-02-13 09:56:34,462 - __main__ - INFO - Processing indicator: Business Confidence
2025-02-13 09:56:34,462 - __main__ - INFO - Processing indicator: Manufacturing PMI
2025-02-13 09:56:34,462 - __main__ - INFO - Processing indicator: Services PMI
2025-02-13 09:56:34,462 - __main__ - INFO - Processing indicator: Consumer Confidence
2025-02-13 09:56:34,462 - __main__ - INFO - Processing indicator: Retail Sales MoM
2025-02-13 09:56:34,462 - __main__ - INFO - Processing indicator: Corporate Tax Rate
2025-02-13 09:56:34,462 - __main__ - INFO - Processing indicator: Personal Income Tax Rate
2025-02-13 09:56:34,462 - __main__ - INFO - Searching for data for Region.CHINA at https://tradingeconomics.com/china/indicators
2025-02-13 09:56:36,454 - __main__ - INFO - Processing indicator: Currency
2025-02-13 09:56:36,454 - __main__ - INFO - Processing indicator: Stock Market
2025-02-13 09:56:36,454 - __main__ - INFO - Processing indicator: GDP Growth Rate
2025-02-13 09:56:36,454 - __main__ - INFO - Processing indicator: GDP Annual Growth Rate
2025-02-13 09:56:36,454 - __main__ - INFO - Processing indicator: Unemployment Rate
2025-02-13 09:56:36,454 - __main__ - INFO - Processing indicator: Inflation Rate
2025-02-13 09:56:36,454 - __main__ - INFO - Processing indicator: Inflation Rate MoM
2025-02-13 09:56:36,454 - __main__ - INFO - Processing indicator: Interest Rate
2025-02-13 09:56:36,454 - __main__ - INFO - Processing indicator: Cash Reserve Ratio
2025-02-13 09:56:36,454 - __main__ - INFO - Processing indicator: Balance of Trade
2025-02-13 09:56:36,454 - __main__ - INFO - Processing indicator: Current Account
2025-02-13 09:56:36,454 - __main__ - INFO - Processing indicator: Current Account to GDP
2025-02-13 09:56:36,454 - __main__ - INFO - Processing indicator: Government Debt to GDP
2025-02-13 09:56:36,454 - __main__ - INFO - Processing indicator: Government Budget
2025-02-13 09:56:36,454 - __main__ - INFO - Processing indicator: Business Confidence
2025-02-13 09:56:36,454 - __main__ - INFO - Processing indicator: Manufacturing PMI
2025-02-13 09:56:36,455 - __main__ - INFO - Processing indicator: Non Manufacturing PMI
2025-02-13 09:56:36,455 - __main__ - INFO - Processing indicator: Services PMI
2025-02-13 09:56:36,455 - __main__ - INFO - Processing indicator: Consumer Confidence
2025-02-13 09:56:36,455 - __main__ - INFO - Processing indicator: Retail Sales MoM
2025-02-13 09:56:36,455 - __main__ - INFO - Processing indicator: Corporate Tax Rate
2025-02-13 09:56:36,455 - __main__ - INFO - Processing indicator: Personal Income Tax Rate
2025-02-13 19:19:02,552 - __main__ - INFO - Searching for data for Region.USA at https://tradingeconomics.com/united-states/indicators
2025-02-13 19:19:04,771 - __main__ - INFO - Processing indicator: Currency
2025-02-13 19:19:04,771 - __main__ - INFO - Processing indicator: Stock Market
2025-02-13 19:19:04,771 - __main__ - INFO - Processing indicator: GDP Growth Rate
2025-02-13 19:19:04,771 - __main__ - INFO - Processing indicator: GDP Annual Growth Rate
2025-02-13 19:19:04,771 - __main__ - INFO - Processing indicator: Unemployment Rate
2025-02-13 19:19:04,771 - __main__ - INFO - Processing indicator: Non Farm Payrolls
2025-02-13 19:19:04,771 - __main__ - INFO - Processing indicator: Inflation Rate
2025-02-13 19:19:04,772 - __main__ - INFO - Processing indicator: Inflation Rate MoM
2025-02-13 19:19:04,772 - __main__ - INFO - Processing indicator: Interest Rate
2025-02-13 19:19:04,772 - __main__ - INFO - Processing indicator: Balance of Trade
2025-02-13 19:19:04,772 - __main__ - INFO - Processing indicator: Current Account
2025-02-13 19:19:04,772 - __main__ - INFO - Processing indicator: Current Account to GDP
2025-02-13 19:19:04,772 - __main__ - INFO - Processing indicator: Government Debt to GDP
2025-02-13 19:19:04,772 - __main__ - INFO - Processing indicator: Government Budget
2025-02-13 19:19:04,772 - __main__ - INFO - Processing indicator: Business Confidence
2025-02-13 19:19:04,772 - __main__ - INFO - Processing indicator: Manufacturing PMI
2025-02-13 19:19:04,772 - __main__ - INFO - Processing indicator: Non Manufacturing PMI
2025-02-13 19:19:04,772 - __main__ - INFO - Processing indicator: Services PMI
2025-02-13 19:19:04,772 - __main__ - INFO - Processing indicator: Consumer Confidence
2025-02-13 19:19:04,772 - __main__ - INFO - Processing indicator: Retail Sales MoM
2025-02-13 19:19:04,772 - __main__ - INFO - Processing indicator: Building Permits
2025-02-13 19:19:04,772 - __main__ - INFO - Processing indicator: Corporate Tax Rate
2025-02-13 19:19:04,772 - __main__ - INFO - Processing indicator: Personal Income Tax Rate
2025-02-13 19:19:04,772 - __main__ - INFO - Searching for data for Region.EURO at https://tradingeconomics.com/euro-area/indicators
2025-02-13 19:19:06,816 - __main__ - INFO - Processing indicator: Currency
2025-02-13 19:19:06,816 - __main__ - INFO - Processing indicator: Stock Market
2025-02-13 19:19:06,816 - __main__ - INFO - Processing indicator: GDP Growth Rate
2025-02-13 19:19:06,816 - __main__ - INFO - Processing indicator: GDP Annual Growth Rate
2025-02-13 19:19:06,816 - __main__ - INFO - Processing indicator: Unemployment Rate
2025-02-13 19:19:06,816 - __main__ - INFO - Processing indicator: Inflation Rate
2025-02-13 19:19:06,816 - __main__ - INFO - Processing indicator: Inflation Rate MoM
2025-02-13 19:19:06,816 - __main__ - INFO - Processing indicator: Interest Rate
2025-02-13 19:19:06,816 - __main__ - INFO - Processing indicator: Balance of Trade
2025-02-13 19:19:06,816 - __main__ - INFO - Processing indicator: Current Account
2025-02-13 19:19:06,816 - __main__ - INFO - Processing indicator: Current Account to GDP
2025-02-13 19:19:06,816 - __main__ - INFO - Processing indicator: Government Debt to GDP
2025-02-13 19:19:06,816 - __main__ - INFO - Processing indicator: Government Budget
2025-02-13 19:19:06,816 - __main__ - INFO - Processing indicator: Business Confidence
2025-02-13 19:19:06,816 - __main__ - INFO - Processing indicator: Manufacturing PMI
2025-02-13 19:19:06,816 - __main__ - INFO - Processing indicator: Services PMI
2025-02-13 19:19:06,816 - __main__ - INFO - Processing indicator: Consumer Confidence
2025-02-13 19:19:06,817 - __main__ - INFO - Processing indicator: Retail Sales MoM
2025-02-13 19:19:06,817 - __main__ - INFO - Processing indicator: Corporate Tax Rate
2025-02-13 19:19:06,817 - __main__ - INFO - Processing indicator: Personal Income Tax Rate
2025-02-13 19:19:06,817 - __main__ - INFO - Searching for data for Region.CHINA at https://tradingeconomics.com/china/indicators
2025-02-13 19:19:08,814 - __main__ - INFO - Processing indicator: Currency
2025-02-13 19:19:08,814 - __main__ - INFO - Processing indicator: Stock Market
2025-02-13 19:19:08,814 - __main__ - INFO - Processing indicator: GDP Growth Rate
2025-02-13 19:19:08,814 - __main__ - INFO - Processing indicator: GDP Annual Growth Rate
2025-02-13 19:19:08,814 - __main__ - INFO - Processing indicator: Unemployment Rate
2025-02-13 19:19:08,815 - __main__ - INFO - Processing indicator: Inflation Rate
2025-02-13 19:19:08,815 - __main__ - INFO - Processing indicator: Inflation Rate MoM
2025-02-13 19:19:08,815 - __main__ - INFO - Processing indicator: Interest Rate
2025-02-13 19:19:08,815 - __main__ - INFO - Processing indicator: Cash Reserve Ratio
2025-02-13 19:19:08,815 - __main__ - INFO - Processing indicator: Balance of Trade
2025-02-13 19:19:08,815 - __main__ - INFO - Processing indicator: Current Account
2025-02-13 19:19:08,815 - __main__ - INFO - Processing indicator: Current Account to GDP
2025-02-13 19:19:08,815 - __main__ - INFO - Processing indicator: Government Debt to GDP
2025-02-13 19:19:08,815 - __main__ - INFO - Processing indicator: Government Budget
2025-02-13 19:19:08,815 - __main__ - INFO - Processing indicator: Business Confidence
2025-02-13 19:19:08,815 - __main__ - INFO - Processing indicator: Manufacturing PMI
2025-02-13 19:19:08,815 - __main__ - INFO - Processing indicator: Non Manufacturing PMI
2025-02-13 19:19:08,815 - __main__ - INFO - Processing indicator: Services PMI
2025-02-13 19:19:08,815 - __main__ - INFO - Processing indicator: Consumer Confidence
2025-02-13 19:19:08,815 - __main__ - INFO - Processing indicator: Retail Sales MoM
2025-02-13 19:19:08,815 - __main__ - INFO - Processing indicator: Corporate Tax Rate
2025-02-13 19:19:08,815 - __main__ - INFO - Processing indicator: Personal Income Tax Rate
2025-02-13 20:50:24,760 - tools.financy.macro_economy.macro_monitor_tool - INFO - Searching for data for Region.USA at https://tradingeconomics.com/united-states/indicators
2025-02-13 20:50:26,885 - tools.financy.macro_economy.macro_monitor_tool - INFO - Processing indicator: Currency
2025-02-13 20:50:26,886 - tools.financy.macro_economy.macro_monitor_tool - INFO - Processing indicator: Stock Market
2025-02-13 20:50:26,886 - tools.financy.macro_economy.macro_monitor_tool - INFO - Processing indicator: GDP Growth Rate
2025-02-13 20:50:26,886 - tools.financy.macro_economy.macro_monitor_tool - INFO - Processing indicator: GDP Annual Growth Rate
2025-02-13 20:50:26,886 - tools.financy.macro_economy.macro_monitor_tool - INFO - Processing indicator: Unemployment Rate
2025-02-13 20:50:26,886 - tools.financy.macro_economy.macro_monitor_tool - INFO - Processing indicator: Non Farm Payrolls
2025-02-13 20:50:26,886 - tools.financy.macro_economy.macro_monitor_tool - INFO - Processing indicator: Inflation Rate
2025-02-13 20:50:26,886 - tools.financy.macro_economy.macro_monitor_tool - INFO - Processing indicator: Inflation Rate MoM
2025-02-13 20:50:26,886 - tools.financy.macro_economy.macro_monitor_tool - INFO - Processing indicator: Interest Rate
2025-02-13 20:50:26,886 - tools.financy.macro_economy.macro_monitor_tool - INFO - Processing indicator: Balance of Trade
2025-02-13 20:50:26,886 - tools.financy.macro_economy.macro_monitor_tool - INFO - Processing indicator: Current Account
2025-02-13 20:50:26,886 - tools.financy.macro_economy.macro_monitor_tool - INFO - Processing indicator: Current Account to GDP
2025-02-13 20:50:26,886 - tools.financy.macro_economy.macro_monitor_tool - INFO - Processing indicator: Government Debt to GDP
2025-02-13 20:50:26,886 - tools.financy.macro_economy.macro_monitor_tool - INFO - Processing indicator: Government Budget
2025-02-13 20:50:26,886 - tools.financy.macro_economy.macro_monitor_tool - INFO - Processing indicator: Business Confidence
2025-02-13 20:50:26,886 - tools.financy.macro_economy.macro_monitor_tool - INFO - Processing indicator: Manufacturing PMI
2025-02-13 20:50:26,886 - tools.financy.macro_economy.macro_monitor_tool - INFO - Processing indicator: Non Manufacturing PMI
2025-02-13 20:50:26,886 - tools.financy.macro_economy.macro_monitor_tool - INFO - Processing indicator: Services PMI
2025-02-13 20:50:26,886 - tools.financy.macro_economy.macro_monitor_tool - INFO - Processing indicator: Consumer Confidence
2025-02-13 20:50:26,888 - tools.financy.macro_economy.macro_monitor_tool - INFO - Processing indicator: Retail Sales MoM
2025-02-13 20:50:26,888 - tools.financy.macro_economy.macro_monitor_tool - INFO - Processing indicator: Building Permits
2025-02-13 20:50:26,888 - tools.financy.macro_economy.macro_monitor_tool - INFO - Processing indicator: Corporate Tax Rate
2025-02-13 20:50:26,888 - tools.financy.macro_economy.macro_monitor_tool - INFO - Processing indicator: Personal Income Tax Rate
2025-02-13 20:50:26,888 - tools.financy.macro_economy.macro_monitor_tool - INFO - Searching for data for Region.EURO at https://tradingeconomics.com/euro-area/indicators
2025-02-13 20:50:28,906 - tools.financy.macro_economy.macro_monitor_tool - INFO - Processing indicator: Currency
2025-02-13 20:50:28,906 - tools.financy.macro_economy.macro_monitor_tool - INFO - Processing indicator: Stock Market
2025-02-13 20:50:28,906 - tools.financy.macro_economy.macro_monitor_tool - INFO - Processing indicator: GDP Growth Rate
2025-02-13 20:50:28,906 - tools.financy.macro_economy.macro_monitor_tool - INFO - Processing indicator: GDP Annual Growth Rate
2025-02-13 20:50:28,906 - tools.financy.macro_economy.macro_monitor_tool - INFO - Processing indicator: Unemployment Rate
2025-02-13 20:50:28,906 - tools.financy.macro_economy.macro_monitor_tool - INFO - Processing indicator: Inflation Rate
2025-02-13 20:50:28,906 - tools.financy.macro_economy.macro_monitor_tool - INFO - Processing indicator: Inflation Rate MoM
2025-02-13 20:50:28,906 - tools.financy.macro_economy.macro_monitor_tool - INFO - Processing indicator: Interest Rate
2025-02-13 20:50:28,906 - tools.financy.macro_economy.macro_monitor_tool - INFO - Processing indicator: Balance of Trade
2025-02-13 20:50:28,907 - tools.financy.macro_economy.macro_monitor_tool - INFO - Processing indicator: Current Account
2025-02-13 20:50:28,907 - tools.financy.macro_economy.macro_monitor_tool - INFO - Processing indicator: Current Account to GDP
2025-02-13 20:50:28,907 - tools.financy.macro_economy.macro_monitor_tool - INFO - Processing indicator: Government Debt to GDP
2025-02-13 20:50:28,907 - tools.financy.macro_economy.macro_monitor_tool - INFO - Processing indicator: Government Budget
2025-02-13 20:50:28,907 - tools.financy.macro_economy.macro_monitor_tool - INFO - Processing indicator: Business Confidence
2025-02-13 20:50:28,907 - tools.financy.macro_economy.macro_monitor_tool - INFO - Processing indicator: Manufacturing PMI
2025-02-13 20:50:28,907 - tools.financy.macro_economy.macro_monitor_tool - INFO - Processing indicator: Services PMI
2025-02-13 20:50:28,907 - tools.financy.macro_economy.macro_monitor_tool - INFO - Processing indicator: Consumer Confidence
2025-02-13 20:50:28,907 - tools.financy.macro_economy.macro_monitor_tool - INFO - Processing indicator: Retail Sales MoM
2025-02-13 20:50:28,907 - tools.financy.macro_economy.macro_monitor_tool - INFO - Processing indicator: Corporate Tax Rate
2025-02-13 20:50:28,908 - tools.financy.macro_economy.macro_monitor_tool - INFO - Processing indicator: Personal Income Tax Rate
2025-02-13 20:50:28,908 - tools.financy.macro_economy.macro_monitor_tool - INFO - Searching for data for Region.CHINA at https://tradingeconomics.com/china/indicators
2025-02-13 20:50:30,880 - tools.financy.macro_economy.macro_monitor_tool - INFO - Processing indicator: Currency
2025-02-13 20:50:30,880 - tools.financy.macro_economy.macro_monitor_tool - INFO - Processing indicator: Stock Market
2025-02-13 20:50:30,880 - tools.financy.macro_economy.macro_monitor_tool - INFO - Processing indicator: GDP Growth Rate
2025-02-13 20:50:30,882 - tools.financy.macro_economy.macro_monitor_tool - INFO - Processing indicator: GDP Annual Growth Rate
2025-02-13 20:50:30,882 - tools.financy.macro_economy.macro_monitor_tool - INFO - Processing indicator: Unemployment Rate
2025-02-13 20:50:30,882 - tools.financy.macro_economy.macro_monitor_tool - INFO - Processing indicator: Inflation Rate
2025-02-13 20:50:30,882 - tools.financy.macro_economy.macro_monitor_tool - INFO - Processing indicator: Inflation Rate MoM
2025-02-13 20:50:30,882 - tools.financy.macro_economy.macro_monitor_tool - INFO - Processing indicator: Interest Rate
2025-02-13 20:50:30,882 - tools.financy.macro_economy.macro_monitor_tool - INFO - Processing indicator: Cash Reserve Ratio
2025-02-13 20:50:30,882 - tools.financy.macro_economy.macro_monitor_tool - INFO - Processing indicator: Balance of Trade
2025-02-13 20:50:30,882 - tools.financy.macro_economy.macro_monitor_tool - INFO - Processing indicator: Current Account
2025-02-13 20:50:30,882 - tools.financy.macro_economy.macro_monitor_tool - INFO - Processing indicator: Current Account to GDP
2025-02-13 20:50:30,882 - tools.financy.macro_economy.macro_monitor_tool - INFO - Processing indicator: Government Debt to GDP
2025-02-13 20:50:30,883 - tools.financy.macro_economy.macro_monitor_tool - INFO - Processing indicator: Government Budget
2025-02-13 20:50:30,883 - tools.financy.macro_economy.macro_monitor_tool - INFO - Processing indicator: Business Confidence
2025-02-13 20:50:30,883 - tools.financy.macro_economy.macro_monitor_tool - INFO - Processing indicator: Manufacturing PMI
2025-02-13 20:50:30,883 - tools.financy.macro_economy.macro_monitor_tool - INFO - Processing indicator: Non Manufacturing PMI
2025-02-13 20:50:30,883 - tools.financy.macro_economy.macro_monitor_tool - INFO - Processing indicator: Services PMI
2025-02-13 20:50:30,883 - tools.financy.macro_economy.macro_monitor_tool - INFO - Processing indicator: Consumer Confidence
2025-02-13 20:50:30,883 - tools.financy.macro_economy.macro_monitor_tool - INFO - Processing indicator: Retail Sales MoM
2025-02-13 20:50:30,883 - tools.financy.macro_economy.macro_monitor_tool - INFO - Processing indicator: Corporate Tax Rate
2025-02-13 20:50:30,883 - tools.financy.macro_economy.macro_monitor_tool - INFO - Processing indicator: Personal Income Tax Rate
2025-02-13 21:14:26,762 - tools.financy.macro_economy.macro_monitor_tool - INFO - Searching for data for Region.USA at https://tradingeconomics.com/united-states/indicators
2025-02-13 21:14:28,879 - tools.financy.macro_economy.macro_monitor_tool - INFO - Processing indicator: Currency
2025-02-13 21:14:28,879 - tools.financy.macro_economy.macro_monitor_tool - INFO - Processing indicator: Stock Market
2025-02-13 21:14:28,879 - tools.financy.macro_economy.macro_monitor_tool - INFO - Processing indicator: GDP Growth Rate
2025-02-13 21:14:28,879 - tools.financy.macro_economy.macro_monitor_tool - INFO - Processing indicator: GDP Annual Growth Rate
2025-02-13 21:14:28,880 - tools.financy.macro_economy.macro_monitor_tool - INFO - Processing indicator: Unemployment Rate
2025-02-13 21:14:28,880 - tools.financy.macro_economy.macro_monitor_tool - INFO - Processing indicator: Non Farm Payrolls
2025-02-13 21:14:28,880 - tools.financy.macro_economy.macro_monitor_tool - INFO - Processing indicator: Inflation Rate
2025-02-13 21:14:28,880 - tools.financy.macro_economy.macro_monitor_tool - INFO - Processing indicator: Inflation Rate MoM
2025-02-13 21:14:28,880 - tools.financy.macro_economy.macro_monitor_tool - INFO - Processing indicator: Interest Rate
2025-02-13 21:14:28,880 - tools.financy.macro_economy.macro_monitor_tool - INFO - Processing indicator: Balance of Trade
2025-02-13 21:14:28,880 - tools.financy.macro_economy.macro_monitor_tool - INFO - Processing indicator: Current Account
2025-02-13 21:14:28,880 - tools.financy.macro_economy.macro_monitor_tool - INFO - Processing indicator: Current Account to GDP
2025-02-13 21:14:28,880 - tools.financy.macro_economy.macro_monitor_tool - INFO - Processing indicator: Government Debt to GDP
2025-02-13 21:14:28,880 - tools.financy.macro_economy.macro_monitor_tool - INFO - Processing indicator: Government Budget
2025-02-13 21:14:28,880 - tools.financy.macro_economy.macro_monitor_tool - INFO - Processing indicator: Business Confidence
2025-02-13 21:14:28,880 - tools.financy.macro_economy.macro_monitor_tool - INFO - Processing indicator: Manufacturing PMI
2025-02-13 21:14:28,881 - tools.financy.macro_economy.macro_monitor_tool - INFO - Processing indicator: Non Manufacturing PMI
2025-02-13 21:14:28,881 - tools.financy.macro_economy.macro_monitor_tool - INFO - Processing indicator: Services PMI
2025-02-13 21:14:28,881 - tools.financy.macro_economy.macro_monitor_tool - INFO - Processing indicator: Consumer Confidence
2025-02-13 21:14:28,881 - tools.financy.macro_economy.macro_monitor_tool - INFO - Processing indicator: Retail Sales MoM
2025-02-13 21:14:28,881 - tools.financy.macro_economy.macro_monitor_tool - INFO - Processing indicator: Building Permits
2025-02-13 21:14:28,881 - tools.financy.macro_economy.macro_monitor_tool - INFO - Processing indicator: Corporate Tax Rate
2025-02-13 21:14:28,881 - tools.financy.macro_economy.macro_monitor_tool - INFO - Processing indicator: Personal Income Tax Rate
2025-02-13 21:14:28,881 - tools.financy.macro_economy.macro_monitor_tool - INFO - Searching for data for Region.EURO at https://tradingeconomics.com/euro-area/indicators
2025-02-13 21:14:30,850 - tools.financy.macro_economy.macro_monitor_tool - INFO - Processing indicator: Currency
2025-02-13 21:14:30,850 - tools.financy.macro_economy.macro_monitor_tool - INFO - Processing indicator: Stock Market
2025-02-13 21:14:30,850 - tools.financy.macro_economy.macro_monitor_tool - INFO - Processing indicator: GDP Growth Rate
2025-02-13 21:14:30,850 - tools.financy.macro_economy.macro_monitor_tool - INFO - Processing indicator: GDP Annual Growth Rate
2025-02-13 21:14:30,851 - tools.financy.macro_economy.macro_monitor_tool - INFO - Processing indicator: Unemployment Rate
2025-02-13 21:14:30,851 - tools.financy.macro_economy.macro_monitor_tool - INFO - Processing indicator: Inflation Rate
2025-02-13 21:14:30,851 - tools.financy.macro_economy.macro_monitor_tool - INFO - Processing indicator: Inflation Rate MoM
2025-02-13 21:14:30,851 - tools.financy.macro_economy.macro_monitor_tool - INFO - Processing indicator: Interest Rate
2025-02-13 21:14:30,851 - tools.financy.macro_economy.macro_monitor_tool - INFO - Processing indicator: Balance of Trade
2025-02-13 21:14:30,851 - tools.financy.macro_economy.macro_monitor_tool - INFO - Processing indicator: Current Account
2025-02-13 21:14:30,851 - tools.financy.macro_economy.macro_monitor_tool - INFO - Processing indicator: Current Account to GDP
2025-02-13 21:14:30,851 - tools.financy.macro_economy.macro_monitor_tool - INFO - Processing indicator: Government Debt to GDP
2025-02-13 21:14:30,851 - tools.financy.macro_economy.macro_monitor_tool - INFO - Processing indicator: Government Budget
2025-02-13 21:14:30,851 - tools.financy.macro_economy.macro_monitor_tool - INFO - Processing indicator: Business Confidence
2025-02-13 21:14:30,852 - tools.financy.macro_economy.macro_monitor_tool - INFO - Processing indicator: Manufacturing PMI
2025-02-13 21:14:30,852 - tools.financy.macro_economy.macro_monitor_tool - INFO - Processing indicator: Services PMI
2025-02-13 21:14:30,852 - tools.financy.macro_economy.macro_monitor_tool - INFO - Processing indicator: Consumer Confidence
2025-02-13 21:14:30,852 - tools.financy.macro_economy.macro_monitor_tool - INFO - Processing indicator: Retail Sales MoM
2025-02-13 21:14:30,852 - tools.financy.macro_economy.macro_monitor_tool - INFO - Processing indicator: Corporate Tax Rate
2025-02-13 21:14:30,852 - tools.financy.macro_economy.macro_monitor_tool - INFO - Processing indicator: Personal Income Tax Rate
2025-02-13 21:14:30,852 - tools.financy.macro_economy.macro_monitor_tool - INFO - Searching for data for Region.CHINA at https://tradingeconomics.com/china/indicators
2025-02-13 21:14:32,994 - tools.financy.macro_economy.macro_monitor_tool - INFO - Processing indicator: Currency
2025-02-13 21:14:32,996 - tools.financy.macro_economy.macro_monitor_tool - INFO - Processing indicator: Stock Market
2025-02-13 21:14:32,996 - tools.financy.macro_economy.macro_monitor_tool - INFO - Processing indicator: GDP Growth Rate
2025-02-13 21:14:32,996 - tools.financy.macro_economy.macro_monitor_tool - INFO - Processing indicator: GDP Annual Growth Rate
2025-02-13 21:14:32,996 - tools.financy.macro_economy.macro_monitor_tool - INFO - Processing indicator: Unemployment Rate
2025-02-13 21:14:32,996 - tools.financy.macro_economy.macro_monitor_tool - INFO - Processing indicator: Inflation Rate
2025-02-13 21:14:32,997 - tools.financy.macro_economy.macro_monitor_tool - INFO - Processing indicator: Inflation Rate MoM
2025-02-13 21:14:32,997 - tools.financy.macro_economy.macro_monitor_tool - INFO - Processing indicator: Interest Rate
2025-02-13 21:14:32,997 - tools.financy.macro_economy.macro_monitor_tool - INFO - Processing indicator: Cash Reserve Ratio
2025-02-13 21:14:32,997 - tools.financy.macro_economy.macro_monitor_tool - INFO - Processing indicator: Balance of Trade
2025-02-13 21:14:32,997 - tools.financy.macro_economy.macro_monitor_tool - INFO - Processing indicator: Current Account
2025-02-13 21:14:32,997 - tools.financy.macro_economy.macro_monitor_tool - INFO - Processing indicator: Current Account to GDP
2025-02-13 21:14:32,997 - tools.financy.macro_economy.macro_monitor_tool - INFO - Processing indicator: Government Debt to GDP
2025-02-13 21:14:32,997 - tools.financy.macro_economy.macro_monitor_tool - INFO - Processing indicator: Government Budget
2025-02-13 21:14:32,997 - tools.financy.macro_economy.macro_monitor_tool - INFO - Processing indicator: Business Confidence
2025-02-13 21:14:32,998 - tools.financy.macro_economy.macro_monitor_tool - INFO - Processing indicator: Manufacturing PMI
2025-02-13 21:14:32,998 - tools.financy.macro_economy.macro_monitor_tool - INFO - Processing indicator: Non Manufacturing PMI
2025-02-13 21:14:32,998 - tools.financy.macro_economy.macro_monitor_tool - INFO - Processing indicator: Services PMI
2025-02-13 21:14:32,998 - tools.financy.macro_economy.macro_monitor_tool - INFO - Processing indicator: Consumer Confidence
2025-02-13 21:14:32,998 - tools.financy.macro_economy.macro_monitor_tool - INFO - Processing indicator: Retail Sales MoM
2025-02-13 21:14:32,998 - tools.financy.macro_economy.macro_monitor_tool - INFO - Processing indicator: Corporate Tax Rate
2025-02-13 21:14:32,998 - tools.financy.macro_economy.macro_monitor_tool - INFO - Processing indicator: Personal Income Tax Rate
2025-02-14 00:52:35,919 - tools.financy.macro_economy.macro_monitor_tool - INFO - Searching for data for Region.USA at https://tradingeconomics.com/united-states/indicators
2025-02-14 00:52:42,182 - tools.financy.macro_economy.macro_monitor_tool - INFO - Processing indicator: Currency
2025-02-14 00:52:42,182 - tools.financy.macro_economy.macro_monitor_tool - INFO - Processing indicator: Stock Market
2025-02-14 00:52:42,183 - tools.financy.macro_economy.macro_monitor_tool - INFO - Processing indicator: GDP Growth Rate
2025-02-14 00:52:42,183 - tools.financy.macro_economy.macro_monitor_tool - INFO - Processing indicator: GDP Annual Growth Rate
2025-02-14 00:52:42,183 - tools.financy.macro_economy.macro_monitor_tool - INFO - Processing indicator: Unemployment Rate
2025-02-14 00:52:42,183 - tools.financy.macro_economy.macro_monitor_tool - INFO - Processing indicator: Non Farm Payrolls
2025-02-14 00:52:42,183 - tools.financy.macro_economy.macro_monitor_tool - INFO - Processing indicator: Inflation Rate
2025-02-14 00:52:42,183 - tools.financy.macro_economy.macro_monitor_tool - INFO - Processing indicator: Inflation Rate MoM
2025-02-14 00:52:42,183 - tools.financy.macro_economy.macro_monitor_tool - INFO - Processing indicator: Interest Rate
2025-02-14 00:52:42,183 - tools.financy.macro_economy.macro_monitor_tool - INFO - Processing indicator: Balance of Trade
2025-02-14 00:52:42,183 - tools.financy.macro_economy.macro_monitor_tool - INFO - Processing indicator: Current Account
2025-02-14 00:52:42,183 - tools.financy.macro_economy.macro_monitor_tool - INFO - Processing indicator: Current Account to GDP
2025-02-14 00:52:42,183 - tools.financy.macro_economy.macro_monitor_tool - INFO - Processing indicator: Government Debt to GDP
2025-02-14 00:52:42,183 - tools.financy.macro_economy.macro_monitor_tool - INFO - Processing indicator: Government Budget
2025-02-14 00:52:42,184 - tools.financy.macro_economy.macro_monitor_tool - INFO - Processing indicator: Business Confidence
2025-02-14 00:52:42,184 - tools.financy.macro_economy.macro_monitor_tool - INFO - Processing indicator: Manufacturing PMI
2025-02-14 00:52:42,184 - tools.financy.macro_economy.macro_monitor_tool - INFO - Processing indicator: Non Manufacturing PMI
2025-02-14 00:52:42,184 - tools.financy.macro_economy.macro_monitor_tool - INFO - Processing indicator: Services PMI
2025-02-14 00:52:42,184 - tools.financy.macro_economy.macro_monitor_tool - INFO - Processing indicator: Consumer Confidence
2025-02-14 00:52:42,184 - tools.financy.macro_economy.macro_monitor_tool - INFO - Processing indicator: Retail Sales MoM
2025-02-14 00:52:42,184 - tools.financy.macro_economy.macro_monitor_tool - INFO - Processing indicator: Building Permits
2025-02-14 00:52:42,184 - tools.financy.macro_economy.macro_monitor_tool - INFO - Processing indicator: Corporate Tax Rate
2025-02-14 00:52:42,184 - tools.financy.macro_economy.macro_monitor_tool - INFO - Processing indicator: Personal Income Tax Rate
2025-02-14 00:52:42,185 - tools.financy.macro_economy.macro_monitor_tool - INFO - Searching for data for Region.EURO at https://tradingeconomics.com/euro-area/indicators
2025-02-14 00:52:44,153 - tools.financy.macro_economy.macro_monitor_tool - INFO - Processing indicator: Currency
2025-02-14 00:52:44,154 - tools.financy.macro_economy.macro_monitor_tool - INFO - Processing indicator: Stock Market
2025-02-14 00:52:44,154 - tools.financy.macro_economy.macro_monitor_tool - INFO - Processing indicator: GDP Growth Rate
2025-02-14 00:52:44,154 - tools.financy.macro_economy.macro_monitor_tool - INFO - Processing indicator: GDP Annual Growth Rate
2025-02-14 00:52:44,154 - tools.financy.macro_economy.macro_monitor_tool - INFO - Processing indicator: Unemployment Rate
2025-02-14 00:52:44,154 - tools.financy.macro_economy.macro_monitor_tool - INFO - Processing indicator: Inflation Rate
2025-02-14 00:52:44,154 - tools.financy.macro_economy.macro_monitor_tool - INFO - Processing indicator: Inflation Rate MoM
2025-02-14 00:52:44,154 - tools.financy.macro_economy.macro_monitor_tool - INFO - Processing indicator: Interest Rate
2025-02-14 00:52:44,154 - tools.financy.macro_economy.macro_monitor_tool - INFO - Processing indicator: Balance of Trade
2025-02-14 00:52:44,155 - tools.financy.macro_economy.macro_monitor_tool - INFO - Processing indicator: Current Account
2025-02-14 00:52:44,155 - tools.financy.macro_economy.macro_monitor_tool - INFO - Processing indicator: Current Account to GDP
2025-02-14 00:52:44,155 - tools.financy.macro_economy.macro_monitor_tool - INFO - Processing indicator: Government Debt to GDP
2025-02-14 00:52:44,155 - tools.financy.macro_economy.macro_monitor_tool - INFO - Processing indicator: Government Budget
2025-02-14 00:52:44,155 - tools.financy.macro_economy.macro_monitor_tool - INFO - Processing indicator: Business Confidence
2025-02-14 00:52:44,155 - tools.financy.macro_economy.macro_monitor_tool - INFO - Processing indicator: Manufacturing PMI
2025-02-14 00:52:44,155 - tools.financy.macro_economy.macro_monitor_tool - INFO - Processing indicator: Services PMI
2025-02-14 00:52:44,155 - tools.financy.macro_economy.macro_monitor_tool - INFO - Processing indicator: Consumer Confidence
2025-02-14 00:52:44,155 - tools.financy.macro_economy.macro_monitor_tool - INFO - Processing indicator: Retail Sales MoM
2025-02-14 00:52:44,155 - tools.financy.macro_economy.macro_monitor_tool - INFO - Processing indicator: Corporate Tax Rate
2025-02-14 00:52:44,156 - tools.financy.macro_economy.macro_monitor_tool - INFO - Processing indicator: Personal Income Tax Rate
2025-02-14 00:52:44,156 - tools.financy.macro_economy.macro_monitor_tool - INFO - Searching for data for Region.CHINA at https://tradingeconomics.com/china/indicators
2025-02-14 00:52:46,159 - tools.financy.macro_economy.macro_monitor_tool - INFO - Processing indicator: Currency
2025-02-14 00:52:46,161 - tools.financy.macro_economy.macro_monitor_tool - INFO - Processing indicator: Stock Market
2025-02-14 00:52:46,161 - tools.financy.macro_economy.macro_monitor_tool - INFO - Processing indicator: GDP Growth Rate
2025-02-14 00:52:46,161 - tools.financy.macro_economy.macro_monitor_tool - INFO - Processing indicator: GDP Annual Growth Rate
2025-02-14 00:52:46,161 - tools.financy.macro_economy.macro_monitor_tool - INFO - Processing indicator: Unemployment Rate
2025-02-14 00:52:46,161 - tools.financy.macro_economy.macro_monitor_tool - INFO - Processing indicator: Inflation Rate
2025-02-14 00:52:46,162 - tools.financy.macro_economy.macro_monitor_tool - INFO - Processing indicator: Inflation Rate MoM
2025-02-14 00:52:46,162 - tools.financy.macro_economy.macro_monitor_tool - INFO - Processing indicator: Interest Rate
2025-02-14 00:52:46,162 - tools.financy.macro_economy.macro_monitor_tool - INFO - Processing indicator: Cash Reserve Ratio
2025-02-14 00:52:46,162 - tools.financy.macro_economy.macro_monitor_tool - INFO - Processing indicator: Balance of Trade
2025-02-14 00:52:46,162 - tools.financy.macro_economy.macro_monitor_tool - INFO - Processing indicator: Current Account
2025-02-14 00:52:46,162 - tools.financy.macro_economy.macro_monitor_tool - INFO - Processing indicator: Current Account to GDP
2025-02-14 00:52:46,162 - tools.financy.macro_economy.macro_monitor_tool - INFO - Processing indicator: Government Debt to GDP
2025-02-14 00:52:46,162 - tools.financy.macro_economy.macro_monitor_tool - INFO - Processing indicator: Government Budget
2025-02-14 00:52:46,162 - tools.financy.macro_economy.macro_monitor_tool - INFO - Processing indicator: Business Confidence
2025-02-14 00:52:46,162 - tools.financy.macro_economy.macro_monitor_tool - INFO - Processing indicator: Manufacturing PMI
2025-02-14 00:52:46,163 - tools.financy.macro_economy.macro_monitor_tool - INFO - Processing indicator: Non Manufacturing PMI
2025-02-14 00:52:46,163 - tools.financy.macro_economy.macro_monitor_tool - INFO - Processing indicator: Services PMI
2025-02-14 00:52:46,163 - tools.financy.macro_economy.macro_monitor_tool - INFO - Processing indicator: Consumer Confidence
2025-02-14 00:52:46,163 - tools.financy.macro_economy.macro_monitor_tool - INFO - Processing indicator: Retail Sales MoM
2025-02-14 00:52:46,163 - tools.financy.macro_economy.macro_monitor_tool - INFO - Processing indicator: Corporate Tax Rate
2025-02-14 00:52:46,163 - tools.financy.macro_economy.macro_monitor_tool - INFO - Processing indicator: Personal Income Tax Rate
2025-02-14 02:22:46,940 - tools.financy.macro_economy.macro_monitor_tool - INFO - Searching for data for Region.USA at https://tradingeconomics.com/united-states/indicators
2025-02-14 02:22:53,325 - tools.financy.macro_economy.macro_monitor_tool - INFO - Processing indicator: Currency
2025-02-14 02:22:53,325 - tools.financy.macro_economy.macro_monitor_tool - INFO - Processing indicator: Stock Market
2025-02-14 02:22:53,325 - tools.financy.macro_economy.macro_monitor_tool - INFO - Processing indicator: GDP Growth Rate
2025-02-14 02:22:53,325 - tools.financy.macro_economy.macro_monitor_tool - INFO - Processing indicator: GDP Annual Growth Rate
2025-02-14 02:22:53,326 - tools.financy.macro_economy.macro_monitor_tool - INFO - Processing indicator: Unemployment Rate
2025-02-14 02:22:53,326 - tools.financy.macro_economy.macro_monitor_tool - INFO - Processing indicator: Non Farm Payrolls
2025-02-14 02:22:53,326 - tools.financy.macro_economy.macro_monitor_tool - INFO - Processing indicator: Inflation Rate
2025-02-14 02:22:53,326 - tools.financy.macro_economy.macro_monitor_tool - INFO - Processing indicator: Inflation Rate MoM
2025-02-14 02:22:53,326 - tools.financy.macro_economy.macro_monitor_tool - INFO - Processing indicator: Interest Rate
2025-02-14 02:22:53,327 - tools.financy.macro_economy.macro_monitor_tool - INFO - Processing indicator: Balance of Trade
2025-02-14 02:22:53,327 - tools.financy.macro_economy.macro_monitor_tool - INFO - Processing indicator: Current Account
2025-02-14 02:22:53,327 - tools.financy.macro_economy.macro_monitor_tool - INFO - Processing indicator: Current Account to GDP
2025-02-14 02:22:53,327 - tools.financy.macro_economy.macro_monitor_tool - INFO - Processing indicator: Government Debt to GDP
2025-02-14 02:22:53,327 - tools.financy.macro_economy.macro_monitor_tool - INFO - Processing indicator: Government Budget
2025-02-14 02:22:53,327 - tools.financy.macro_economy.macro_monitor_tool - INFO - Processing indicator: Business Confidence
2025-02-14 02:22:53,328 - tools.financy.macro_economy.macro_monitor_tool - INFO - Processing indicator: Manufacturing PMI
2025-02-14 02:22:53,328 - tools.financy.macro_economy.macro_monitor_tool - INFO - Processing indicator: Non Manufacturing PMI
2025-02-14 02:22:53,328 - tools.financy.macro_economy.macro_monitor_tool - INFO - Processing indicator: Services PMI
2025-02-14 02:22:53,328 - tools.financy.macro_economy.macro_monitor_tool - INFO - Processing indicator: Consumer Confidence
2025-02-14 02:22:53,328 - tools.financy.macro_economy.macro_monitor_tool - INFO - Processing indicator: Retail Sales MoM
2025-02-14 02:22:53,328 - tools.financy.macro_economy.macro_monitor_tool - INFO - Processing indicator: Building Permits
2025-02-14 02:22:53,329 - tools.financy.macro_economy.macro_monitor_tool - INFO - Processing indicator: Corporate Tax Rate
2025-02-14 02:22:53,329 - tools.financy.macro_economy.macro_monitor_tool - INFO - Processing indicator: Personal Income Tax Rate
2025-02-14 02:22:53,330 - tools.financy.macro_economy.macro_monitor_tool - INFO - Searching for data for Region.EURO at https://tradingeconomics.com/euro-area/indicators
2025-02-14 02:22:55,300 - tools.financy.macro_economy.macro_monitor_tool - INFO - Processing indicator: Currency
2025-02-14 02:22:55,300 - tools.financy.macro_economy.macro_monitor_tool - INFO - Processing indicator: Stock Market
2025-02-14 02:22:55,300 - tools.financy.macro_economy.macro_monitor_tool - INFO - Processing indicator: GDP Growth Rate
2025-02-14 02:22:55,301 - tools.financy.macro_economy.macro_monitor_tool - INFO - Processing indicator: GDP Annual Growth Rate
2025-02-14 02:22:55,301 - tools.financy.macro_economy.macro_monitor_tool - INFO - Processing indicator: Unemployment Rate
2025-02-14 02:22:55,301 - tools.financy.macro_economy.macro_monitor_tool - INFO - Processing indicator: Inflation Rate
2025-02-14 02:22:55,301 - tools.financy.macro_economy.macro_monitor_tool - INFO - Processing indicator: Inflation Rate MoM
2025-02-14 02:22:55,301 - tools.financy.macro_economy.macro_monitor_tool - INFO - Processing indicator: Interest Rate
2025-02-14 02:22:55,301 - tools.financy.macro_economy.macro_monitor_tool - INFO - Processing indicator: Balance of Trade
2025-02-14 02:22:55,301 - tools.financy.macro_economy.macro_monitor_tool - INFO - Processing indicator: Current Account
2025-02-14 02:22:55,301 - tools.financy.macro_economy.macro_monitor_tool - INFO - Processing indicator: Current Account to GDP
2025-02-14 02:22:55,301 - tools.financy.macro_economy.macro_monitor_tool - INFO - Processing indicator: Government Debt to GDP
2025-02-14 02:22:55,301 - tools.financy.macro_economy.macro_monitor_tool - INFO - Processing indicator: Government Budget
2025-02-14 02:22:55,301 - tools.financy.macro_economy.macro_monitor_tool - INFO - Processing indicator: Business Confidence
2025-02-14 02:22:55,302 - tools.financy.macro_economy.macro_monitor_tool - INFO - Processing indicator: Manufacturing PMI
2025-02-14 02:22:55,302 - tools.financy.macro_economy.macro_monitor_tool - INFO - Processing indicator: Services PMI
2025-02-14 02:22:55,302 - tools.financy.macro_economy.macro_monitor_tool - INFO - Processing indicator: Consumer Confidence
2025-02-14 02:22:55,302 - tools.financy.macro_economy.macro_monitor_tool - INFO - Processing indicator: Retail Sales MoM
2025-02-14 02:22:55,302 - tools.financy.macro_economy.macro_monitor_tool - INFO - Processing indicator: Corporate Tax Rate
2025-02-14 02:22:55,302 - tools.financy.macro_economy.macro_monitor_tool - INFO - Processing indicator: Personal Income Tax Rate
2025-02-14 02:22:55,302 - tools.financy.macro_economy.macro_monitor_tool - INFO - Searching for data for Region.CHINA at https://tradingeconomics.com/china/indicators
2025-02-14 02:22:57,308 - tools.financy.macro_economy.macro_monitor_tool - INFO - Processing indicator: Currency
2025-02-14 02:22:57,309 - tools.financy.macro_economy.macro_monitor_tool - INFO - Processing indicator: Stock Market
2025-02-14 02:22:57,309 - tools.financy.macro_economy.macro_monitor_tool - INFO - Processing indicator: GDP Growth Rate
2025-02-14 02:22:57,309 - tools.financy.macro_economy.macro_monitor_tool - INFO - Processing indicator: GDP Annual Growth Rate
2025-02-14 02:22:57,309 - tools.financy.macro_economy.macro_monitor_tool - INFO - Processing indicator: Unemployment Rate
2025-02-14 02:22:57,309 - tools.financy.macro_economy.macro_monitor_tool - INFO - Processing indicator: Inflation Rate
2025-02-14 02:22:57,309 - tools.financy.macro_economy.macro_monitor_tool - INFO - Processing indicator: Inflation Rate MoM
2025-02-14 02:22:57,309 - tools.financy.macro_economy.macro_monitor_tool - INFO - Processing indicator: Interest Rate
2025-02-14 02:22:57,309 - tools.financy.macro_economy.macro_monitor_tool - INFO - Processing indicator: Cash Reserve Ratio
2025-02-14 02:22:57,309 - tools.financy.macro_economy.macro_monitor_tool - INFO - Processing indicator: Balance of Trade
2025-02-14 02:22:57,309 - tools.financy.macro_economy.macro_monitor_tool - INFO - Processing indicator: Current Account
2025-02-14 02:22:57,310 - tools.financy.macro_economy.macro_monitor_tool - INFO - Processing indicator: Current Account to GDP
2025-02-14 02:22:57,310 - tools.financy.macro_economy.macro_monitor_tool - INFO - Processing indicator: Government Debt to GDP
2025-02-14 02:22:57,310 - tools.financy.macro_economy.macro_monitor_tool - INFO - Processing indicator: Government Budget
2025-02-14 02:22:57,310 - tools.financy.macro_economy.macro_monitor_tool - INFO - Processing indicator: Business Confidence
2025-02-14 02:22:57,310 - tools.financy.macro_economy.macro_monitor_tool - INFO - Processing indicator: Manufacturing PMI
2025-02-14 02:22:57,310 - tools.financy.macro_economy.macro_monitor_tool - INFO - Processing indicator: Non Manufacturing PMI
2025-02-14 02:22:57,310 - tools.financy.macro_economy.macro_monitor_tool - INFO - Processing indicator: Services PMI
2025-02-14 02:22:57,310 - tools.financy.macro_economy.macro_monitor_tool - INFO - Processing indicator: Consumer Confidence
2025-02-14 02:22:57,311 - tools.financy.macro_economy.macro_monitor_tool - INFO - Processing indicator: Retail Sales MoM
2025-02-14 02:22:57,311 - tools.financy.macro_economy.macro_monitor_tool - INFO - Processing indicator: Corporate Tax Rate
2025-02-14 02:22:57,311 - tools.financy.macro_economy.macro_monitor_tool - INFO - Processing indicator: Personal Income Tax Rate
2025-02-14 03:08:57,178 - tools.financy.macro_economy.macro_monitor_tool - INFO - Searching for data for Region.USA at https://tradingeconomics.com/united-states/indicators
2025-02-14 03:09:03,445 - tools.financy.macro_economy.macro_monitor_tool - INFO - Processing indicator: Currency
2025-02-14 03:09:03,446 - tools.financy.macro_economy.macro_monitor_tool - INFO - Processing indicator: Stock Market
2025-02-14 03:09:03,446 - tools.financy.macro_economy.macro_monitor_tool - INFO - Processing indicator: GDP Growth Rate
2025-02-14 03:09:03,446 - tools.financy.macro_economy.macro_monitor_tool - INFO - Processing indicator: GDP Annual Growth Rate
2025-02-14 03:09:03,446 - tools.financy.macro_economy.macro_monitor_tool - INFO - Processing indicator: Unemployment Rate
2025-02-14 03:09:03,446 - tools.financy.macro_economy.macro_monitor_tool - INFO - Processing indicator: Non Farm Payrolls
2025-02-14 03:09:03,446 - tools.financy.macro_economy.macro_monitor_tool - INFO - Processing indicator: Inflation Rate
2025-02-14 03:09:03,447 - tools.financy.macro_economy.macro_monitor_tool - INFO - Processing indicator: Inflation Rate MoM
2025-02-14 03:09:03,447 - tools.financy.macro_economy.macro_monitor_tool - INFO - Processing indicator: Interest Rate
2025-02-14 03:09:03,447 - tools.financy.macro_economy.macro_monitor_tool - INFO - Processing indicator: Balance of Trade
2025-02-14 03:09:03,447 - tools.financy.macro_economy.macro_monitor_tool - INFO - Processing indicator: Current Account
2025-02-14 03:09:03,447 - tools.financy.macro_economy.macro_monitor_tool - INFO - Processing indicator: Current Account to GDP
2025-02-14 03:09:03,447 - tools.financy.macro_economy.macro_monitor_tool - INFO - Processing indicator: Government Debt to GDP
2025-02-14 03:09:03,448 - tools.financy.macro_economy.macro_monitor_tool - INFO - Processing indicator: Government Budget
2025-02-14 03:09:03,448 - tools.financy.macro_economy.macro_monitor_tool - INFO - Processing indicator: Business Confidence
2025-02-14 03:09:03,448 - tools.financy.macro_economy.macro_monitor_tool - INFO - Processing indicator: Manufacturing PMI
2025-02-14 03:09:03,448 - tools.financy.macro_economy.macro_monitor_tool - INFO - Processing indicator: Non Manufacturing PMI
2025-02-14 03:09:03,448 - tools.financy.macro_economy.macro_monitor_tool - INFO - Processing indicator: Services PMI
2025-02-14 03:09:03,448 - tools.financy.macro_economy.macro_monitor_tool - INFO - Processing indicator: Consumer Confidence
2025-02-14 03:09:03,448 - tools.financy.macro_economy.macro_monitor_tool - INFO - Processing indicator: Retail Sales MoM
2025-02-14 03:09:03,449 - tools.financy.macro_economy.macro_monitor_tool - INFO - Processing indicator: Building Permits
2025-02-14 03:09:03,449 - tools.financy.macro_economy.macro_monitor_tool - INFO - Processing indicator: Corporate Tax Rate
2025-02-14 03:09:03,449 - tools.financy.macro_economy.macro_monitor_tool - INFO - Processing indicator: Personal Income Tax Rate
2025-02-14 03:09:03,449 - tools.financy.macro_economy.macro_monitor_tool - INFO - Searching for data for Region.EURO at https://tradingeconomics.com/euro-area/indicators
2025-02-14 03:09:05,425 - tools.financy.macro_economy.macro_monitor_tool - INFO - Processing indicator: Currency
2025-02-14 03:09:05,426 - tools.financy.macro_economy.macro_monitor_tool - INFO - Processing indicator: Stock Market
2025-02-14 03:09:05,426 - tools.financy.macro_economy.macro_monitor_tool - INFO - Processing indicator: GDP Growth Rate
2025-02-14 03:09:05,426 - tools.financy.macro_economy.macro_monitor_tool - INFO - Processing indicator: GDP Annual Growth Rate
2025-02-14 03:09:05,426 - tools.financy.macro_economy.macro_monitor_tool - INFO - Processing indicator: Unemployment Rate
2025-02-14 03:09:05,426 - tools.financy.macro_economy.macro_monitor_tool - INFO - Processing indicator: Inflation Rate
2025-02-14 03:09:05,427 - tools.financy.macro_economy.macro_monitor_tool - INFO - Processing indicator: Inflation Rate MoM
2025-02-14 03:09:05,427 - tools.financy.macro_economy.macro_monitor_tool - INFO - Processing indicator: Interest Rate
2025-02-14 03:09:05,427 - tools.financy.macro_economy.macro_monitor_tool - INFO - Processing indicator: Balance of Trade
2025-02-14 03:09:05,427 - tools.financy.macro_economy.macro_monitor_tool - INFO - Processing indicator: Current Account
2025-02-14 03:09:05,427 - tools.financy.macro_economy.macro_monitor_tool - INFO - Processing indicator: Current Account to GDP
2025-02-14 03:09:05,427 - tools.financy.macro_economy.macro_monitor_tool - INFO - Processing indicator: Government Debt to GDP
2025-02-14 03:09:05,427 - tools.financy.macro_economy.macro_monitor_tool - INFO - Processing indicator: Government Budget
2025-02-14 03:09:05,427 - tools.financy.macro_economy.macro_monitor_tool - INFO - Processing indicator: Business Confidence
2025-02-14 03:09:05,428 - tools.financy.macro_economy.macro_monitor_tool - INFO - Processing indicator: Manufacturing PMI
2025-02-14 03:09:05,428 - tools.financy.macro_economy.macro_monitor_tool - INFO - Processing indicator: Services PMI
2025-02-14 03:09:05,428 - tools.financy.macro_economy.macro_monitor_tool - INFO - Processing indicator: Consumer Confidence
2025-02-14 03:09:05,428 - tools.financy.macro_economy.macro_monitor_tool - INFO - Processing indicator: Retail Sales MoM
2025-02-14 03:09:05,428 - tools.financy.macro_economy.macro_monitor_tool - INFO - Processing indicator: Corporate Tax Rate
2025-02-14 03:09:05,428 - tools.financy.macro_economy.macro_monitor_tool - INFO - Processing indicator: Personal Income Tax Rate
2025-02-14 03:09:05,429 - tools.financy.macro_economy.macro_monitor_tool - INFO - Searching for data for Region.CHINA at https://tradingeconomics.com/china/indicators
2025-02-14 03:09:07,409 - tools.financy.macro_economy.macro_monitor_tool - INFO - Processing indicator: Currency
2025-02-14 03:09:07,410 - tools.financy.macro_economy.macro_monitor_tool - INFO - Processing indicator: Stock Market
2025-02-14 03:09:07,410 - tools.financy.macro_economy.macro_monitor_tool - INFO - Processing indicator: GDP Growth Rate
2025-02-14 03:09:07,410 - tools.financy.macro_economy.macro_monitor_tool - INFO - Processing indicator: GDP Annual Growth Rate
2025-02-14 03:09:07,410 - tools.financy.macro_economy.macro_monitor_tool - INFO - Processing indicator: Unemployment Rate
2025-02-14 03:09:07,410 - tools.financy.macro_economy.macro_monitor_tool - INFO - Processing indicator: Inflation Rate
2025-02-14 03:09:07,411 - tools.financy.macro_economy.macro_monitor_tool - INFO - Processing indicator: Inflation Rate MoM
2025-02-14 03:09:07,411 - tools.financy.macro_economy.macro_monitor_tool - INFO - Processing indicator: Interest Rate
2025-02-14 03:09:07,411 - tools.financy.macro_economy.macro_monitor_tool - INFO - Processing indicator: Cash Reserve Ratio
2025-02-14 03:09:07,411 - tools.financy.macro_economy.macro_monitor_tool - INFO - Processing indicator: Balance of Trade
2025-02-14 03:09:07,411 - tools.financy.macro_economy.macro_monitor_tool - INFO - Processing indicator: Current Account
2025-02-14 03:09:07,411 - tools.financy.macro_economy.macro_monitor_tool - INFO - Processing indicator: Current Account to GDP
2025-02-14 03:09:07,411 - tools.financy.macro_economy.macro_monitor_tool - INFO - Processing indicator: Government Debt to GDP
2025-02-14 03:09:07,411 - tools.financy.macro_economy.macro_monitor_tool - INFO - Processing indicator: Government Budget
2025-02-14 03:09:07,411 - tools.financy.macro_economy.macro_monitor_tool - INFO - Processing indicator: Business Confidence
2025-02-14 03:09:07,411 - tools.financy.macro_economy.macro_monitor_tool - INFO - Processing indicator: Manufacturing PMI
2025-02-14 03:09:07,411 - tools.financy.macro_economy.macro_monitor_tool - INFO - Processing indicator: Non Manufacturing PMI
2025-02-14 03:09:07,412 - tools.financy.macro_economy.macro_monitor_tool - INFO - Processing indicator: Services PMI
2025-02-14 03:09:07,412 - tools.financy.macro_economy.macro_monitor_tool - INFO - Processing indicator: Consumer Confidence
2025-02-14 03:09:07,412 - tools.financy.macro_economy.macro_monitor_tool - INFO - Processing indicator: Retail Sales MoM
2025-02-14 03:09:07,412 - tools.financy.macro_economy.macro_monitor_tool - INFO - Processing indicator: Corporate Tax Rate
2025-02-14 03:09:07,412 - tools.financy.macro_economy.macro_monitor_tool - INFO - Processing indicator: Personal Income Tax Rate
2025-02-15 01:40:37,072 - tools.financy.macro_economy.macro_monitor_tool - INFO - Searching for data for Region.USA at https://tradingeconomics.com/united-states/indicators
2025-02-15 01:40:43,474 - tools.financy.macro_economy.macro_monitor_tool - INFO - Processing indicator: Currency
2025-02-15 01:40:43,475 - tools.financy.macro_economy.macro_monitor_tool - INFO - Processing indicator: Stock Market
2025-02-15 01:40:43,475 - tools.financy.macro_economy.macro_monitor_tool - INFO - Processing indicator: GDP Growth Rate
2025-02-15 01:40:43,475 - tools.financy.macro_economy.macro_monitor_tool - INFO - Processing indicator: GDP Annual Growth Rate
2025-02-15 01:40:43,475 - tools.financy.macro_economy.macro_monitor_tool - INFO - Processing indicator: Unemployment Rate
2025-02-15 01:40:43,475 - tools.financy.macro_economy.macro_monitor_tool - INFO - Processing indicator: Non Farm Payrolls
2025-02-15 01:40:43,475 - tools.financy.macro_economy.macro_monitor_tool - INFO - Processing indicator: Inflation Rate
2025-02-15 01:40:43,475 - tools.financy.macro_economy.macro_monitor_tool - INFO - Processing indicator: Inflation Rate MoM
2025-02-15 01:40:43,476 - tools.financy.macro_economy.macro_monitor_tool - INFO - Processing indicator: Interest Rate
2025-02-15 01:40:43,476 - tools.financy.macro_economy.macro_monitor_tool - INFO - Processing indicator: Balance of Trade
2025-02-15 01:40:43,476 - tools.financy.macro_economy.macro_monitor_tool - INFO - Processing indicator: Current Account
2025-02-15 01:40:43,476 - tools.financy.macro_economy.macro_monitor_tool - INFO - Processing indicator: Current Account to GDP
2025-02-15 01:40:43,476 - tools.financy.macro_economy.macro_monitor_tool - INFO - Processing indicator: Government Debt to GDP
2025-02-15 01:40:43,476 - tools.financy.macro_economy.macro_monitor_tool - INFO - Processing indicator: Government Budget
2025-02-15 01:40:43,476 - tools.financy.macro_economy.macro_monitor_tool - INFO - Processing indicator: Business Confidence
2025-02-15 01:40:43,476 - tools.financy.macro_economy.macro_monitor_tool - INFO - Processing indicator: Manufacturing PMI
2025-02-15 01:40:43,476 - tools.financy.macro_economy.macro_monitor_tool - INFO - Processing indicator: Non Manufacturing PMI
2025-02-15 01:40:43,476 - tools.financy.macro_economy.macro_monitor_tool - INFO - Processing indicator: Services PMI
2025-02-15 01:40:43,476 - tools.financy.macro_economy.macro_monitor_tool - INFO - Processing indicator: Consumer Confidence
2025-02-15 01:40:43,476 - tools.financy.macro_economy.macro_monitor_tool - INFO - Processing indicator: Retail Sales MoM
2025-02-15 01:40:43,476 - tools.financy.macro_economy.macro_monitor_tool - INFO - Processing indicator: Building Permits
2025-02-15 01:40:43,476 - tools.financy.macro_economy.macro_monitor_tool - INFO - Processing indicator: Corporate Tax Rate
2025-02-15 01:40:43,476 - tools.financy.macro_economy.macro_monitor_tool - INFO - Processing indicator: Personal Income Tax Rate
2025-02-15 01:40:43,477 - tools.financy.macro_economy.macro_monitor_tool - INFO - Searching for data for Region.EURO at https://tradingeconomics.com/euro-area/indicators
2025-02-15 01:40:45,521 - tools.financy.macro_economy.macro_monitor_tool - INFO - Processing indicator: Currency
2025-02-15 01:40:45,521 - tools.financy.macro_economy.macro_monitor_tool - INFO - Processing indicator: Stock Market
2025-02-15 01:40:45,521 - tools.financy.macro_economy.macro_monitor_tool - INFO - Processing indicator: GDP Growth Rate
2025-02-15 01:40:45,521 - tools.financy.macro_economy.macro_monitor_tool - INFO - Processing indicator: GDP Annual Growth Rate
2025-02-15 01:40:45,521 - tools.financy.macro_economy.macro_monitor_tool - INFO - Processing indicator: Unemployment Rate
2025-02-15 01:40:45,521 - tools.financy.macro_economy.macro_monitor_tool - INFO - Processing indicator: Inflation Rate
2025-02-15 01:40:45,521 - tools.financy.macro_economy.macro_monitor_tool - INFO - Processing indicator: Inflation Rate MoM
2025-02-15 01:40:45,521 - tools.financy.macro_economy.macro_monitor_tool - INFO - Processing indicator: Interest Rate
2025-02-15 01:40:45,521 - tools.financy.macro_economy.macro_monitor_tool - INFO - Processing indicator: Balance of Trade
2025-02-15 01:40:45,522 - tools.financy.macro_economy.macro_monitor_tool - INFO - Processing indicator: Current Account
2025-02-15 01:40:45,522 - tools.financy.macro_economy.macro_monitor_tool - INFO - Processing indicator: Current Account to GDP
2025-02-15 01:40:45,522 - tools.financy.macro_economy.macro_monitor_tool - INFO - Processing indicator: Government Debt to GDP
2025-02-15 01:40:45,522 - tools.financy.macro_economy.macro_monitor_tool - INFO - Processing indicator: Government Budget
2025-02-15 01:40:45,522 - tools.financy.macro_economy.macro_monitor_tool - INFO - Processing indicator: Business Confidence
2025-02-15 01:40:45,522 - tools.financy.macro_economy.macro_monitor_tool - INFO - Processing indicator: Manufacturing PMI
2025-02-15 01:40:45,522 - tools.financy.macro_economy.macro_monitor_tool - INFO - Processing indicator: Services PMI
2025-02-15 01:40:45,522 - tools.financy.macro_economy.macro_monitor_tool - INFO - Processing indicator: Consumer Confidence
2025-02-15 01:40:45,522 - tools.financy.macro_economy.macro_monitor_tool - INFO - Processing indicator: Retail Sales MoM
2025-02-15 01:40:45,522 - tools.financy.macro_economy.macro_monitor_tool - INFO - Processing indicator: Corporate Tax Rate
2025-02-15 01:40:45,523 - tools.financy.macro_economy.macro_monitor_tool - INFO - Processing indicator: Personal Income Tax Rate
2025-02-15 01:40:45,523 - tools.financy.macro_economy.macro_monitor_tool - INFO - Searching for data for Region.CHINA at https://tradingeconomics.com/china/indicators
2025-02-15 01:40:47,502 - tools.financy.macro_economy.macro_monitor_tool - INFO - Processing indicator: Currency
2025-02-15 01:40:47,502 - tools.financy.macro_economy.macro_monitor_tool - INFO - Processing indicator: Stock Market
2025-02-15 01:40:47,502 - tools.financy.macro_economy.macro_monitor_tool - INFO - Processing indicator: GDP Growth Rate
2025-02-15 01:40:47,503 - tools.financy.macro_economy.macro_monitor_tool - INFO - Processing indicator: GDP Annual Growth Rate
2025-02-15 01:40:47,503 - tools.financy.macro_economy.macro_monitor_tool - INFO - Processing indicator: Unemployment Rate
2025-02-15 01:40:47,503 - tools.financy.macro_economy.macro_monitor_tool - INFO - Processing indicator: Inflation Rate
2025-02-15 01:40:47,503 - tools.financy.macro_economy.macro_monitor_tool - INFO - Processing indicator: Inflation Rate MoM
2025-02-15 01:40:47,503 - tools.financy.macro_economy.macro_monitor_tool - INFO - Processing indicator: Interest Rate
2025-02-15 01:40:47,503 - tools.financy.macro_economy.macro_monitor_tool - INFO - Processing indicator: Cash Reserve Ratio
2025-02-15 01:40:47,503 - tools.financy.macro_economy.macro_monitor_tool - INFO - Processing indicator: Balance of Trade
2025-02-15 01:40:47,503 - tools.financy.macro_economy.macro_monitor_tool - INFO - Processing indicator: Current Account
2025-02-15 01:40:47,503 - tools.financy.macro_economy.macro_monitor_tool - INFO - Processing indicator: Current Account to GDP
2025-02-15 01:40:47,503 - tools.financy.macro_economy.macro_monitor_tool - INFO - Processing indicator: Government Debt to GDP
2025-02-15 01:40:47,503 - tools.financy.macro_economy.macro_monitor_tool - INFO - Processing indicator: Government Budget
2025-02-15 01:40:47,505 - tools.financy.macro_economy.macro_monitor_tool - INFO - Processing indicator: Business Confidence
2025-02-15 01:40:47,505 - tools.financy.macro_economy.macro_monitor_tool - INFO - Processing indicator: Manufacturing PMI
2025-02-15 01:40:47,505 - tools.financy.macro_economy.macro_monitor_tool - INFO - Processing indicator: Non Manufacturing PMI
2025-02-15 01:40:47,505 - tools.financy.macro_economy.macro_monitor_tool - INFO - Processing indicator: Services PMI
2025-02-15 01:40:47,505 - tools.financy.macro_economy.macro_monitor_tool - INFO - Processing indicator: Consumer Confidence
2025-02-15 01:40:47,505 - tools.financy.macro_economy.macro_monitor_tool - INFO - Processing indicator: Retail Sales MoM
2025-02-15 01:40:47,505 - tools.financy.macro_economy.macro_monitor_tool - INFO - Processing indicator: Corporate Tax Rate
2025-02-15 01:40:47,505 - tools.financy.macro_economy.macro_monitor_tool - INFO - Processing indicator: Personal Income Tax Rate
2025-02-15 04:40:27,566 - tools.financy.macro_economy.macro_monitor_tool - INFO - Searching for data for Region.USA at https://tradingeconomics.com/united-states/indicators
2025-02-15 04:40:33,894 - tools.financy.macro_economy.macro_monitor_tool - INFO - Processing indicator: Currency
2025-02-15 04:40:33,894 - tools.financy.macro_economy.macro_monitor_tool - INFO - Processing indicator: Stock Market
2025-02-15 04:40:33,894 - tools.financy.macro_economy.macro_monitor_tool - INFO - Processing indicator: GDP Growth Rate
2025-02-15 04:40:33,895 - tools.financy.macro_economy.macro_monitor_tool - INFO - Processing indicator: GDP Annual Growth Rate
2025-02-15 04:40:33,895 - tools.financy.macro_economy.macro_monitor_tool - INFO - Processing indicator: Unemployment Rate
2025-02-15 04:40:33,895 - tools.financy.macro_economy.macro_monitor_tool - INFO - Processing indicator: Non Farm Payrolls
2025-02-15 04:40:33,895 - tools.financy.macro_economy.macro_monitor_tool - INFO - Processing indicator: Inflation Rate
2025-02-15 04:40:33,896 - tools.financy.macro_economy.macro_monitor_tool - INFO - Processing indicator: Inflation Rate MoM
2025-02-15 04:40:33,896 - tools.financy.macro_economy.macro_monitor_tool - INFO - Processing indicator: Interest Rate
2025-02-15 04:40:33,896 - tools.financy.macro_economy.macro_monitor_tool - INFO - Processing indicator: Balance of Trade
2025-02-15 04:40:33,896 - tools.financy.macro_economy.macro_monitor_tool - INFO - Processing indicator: Current Account
2025-02-15 04:40:33,896 - tools.financy.macro_economy.macro_monitor_tool - INFO - Processing indicator: Current Account to GDP
2025-02-15 04:40:33,896 - tools.financy.macro_economy.macro_monitor_tool - INFO - Processing indicator: Government Debt to GDP
2025-02-15 04:40:33,896 - tools.financy.macro_economy.macro_monitor_tool - INFO - Processing indicator: Government Budget
2025-02-15 04:40:33,896 - tools.financy.macro_economy.macro_monitor_tool - INFO - Processing indicator: Business Confidence
2025-02-15 04:40:33,896 - tools.financy.macro_economy.macro_monitor_tool - INFO - Processing indicator: Manufacturing PMI
2025-02-15 04:40:33,897 - tools.financy.macro_economy.macro_monitor_tool - INFO - Processing indicator: Non Manufacturing PMI
2025-02-15 04:40:33,897 - tools.financy.macro_economy.macro_monitor_tool - INFO - Processing indicator: Services PMI
2025-02-15 04:40:33,897 - tools.financy.macro_economy.macro_monitor_tool - INFO - Processing indicator: Consumer Confidence
2025-02-15 04:40:33,897 - tools.financy.macro_economy.macro_monitor_tool - INFO - Processing indicator: Retail Sales MoM
2025-02-15 04:40:33,897 - tools.financy.macro_economy.macro_monitor_tool - INFO - Processing indicator: Building Permits
2025-02-15 04:40:33,897 - tools.financy.macro_economy.macro_monitor_tool - INFO - Processing indicator: Corporate Tax Rate
2025-02-15 04:40:33,897 - tools.financy.macro_economy.macro_monitor_tool - INFO - Processing indicator: Personal Income Tax Rate
2025-02-15 04:40:33,897 - tools.financy.macro_economy.macro_monitor_tool - INFO - Searching for data for Region.EURO at https://tradingeconomics.com/euro-area/indicators
2025-02-15 04:40:35,938 - tools.financy.macro_economy.macro_monitor_tool - INFO - Processing indicator: Currency
2025-02-15 04:40:35,938 - tools.financy.macro_economy.macro_monitor_tool - INFO - Processing indicator: Stock Market
2025-02-15 04:40:35,938 - tools.financy.macro_economy.macro_monitor_tool - INFO - Processing indicator: GDP Growth Rate
2025-02-15 04:40:35,938 - tools.financy.macro_economy.macro_monitor_tool - INFO - Processing indicator: GDP Annual Growth Rate
2025-02-15 04:40:35,938 - tools.financy.macro_economy.macro_monitor_tool - INFO - Processing indicator: Unemployment Rate
2025-02-15 04:40:35,938 - tools.financy.macro_economy.macro_monitor_tool - INFO - Processing indicator: Inflation Rate
2025-02-15 04:40:35,939 - tools.financy.macro_economy.macro_monitor_tool - INFO - Processing indicator: Inflation Rate MoM
2025-02-15 04:40:35,939 - tools.financy.macro_economy.macro_monitor_tool - INFO - Processing indicator: Interest Rate
2025-02-15 04:40:35,939 - tools.financy.macro_economy.macro_monitor_tool - INFO - Processing indicator: Balance of Trade
2025-02-15 04:40:35,939 - tools.financy.macro_economy.macro_monitor_tool - INFO - Processing indicator: Current Account
2025-02-15 04:40:35,939 - tools.financy.macro_economy.macro_monitor_tool - INFO - Processing indicator: Current Account to GDP
2025-02-15 04:40:35,939 - tools.financy.macro_economy.macro_monitor_tool - INFO - Processing indicator: Government Debt to GDP
2025-02-15 04:40:35,939 - tools.financy.macro_economy.macro_monitor_tool - INFO - Processing indicator: Government Budget
2025-02-15 04:40:35,939 - tools.financy.macro_economy.macro_monitor_tool - INFO - Processing indicator: Business Confidence
2025-02-15 04:40:35,939 - tools.financy.macro_economy.macro_monitor_tool - INFO - Processing indicator: Manufacturing PMI
2025-02-15 04:40:35,939 - tools.financy.macro_economy.macro_monitor_tool - INFO - Processing indicator: Services PMI
2025-02-15 04:40:35,939 - tools.financy.macro_economy.macro_monitor_tool - INFO - Processing indicator: Consumer Confidence
2025-02-15 04:40:35,939 - tools.financy.macro_economy.macro_monitor_tool - INFO - Processing indicator: Retail Sales MoM
2025-02-15 04:40:35,940 - tools.financy.macro_economy.macro_monitor_tool - INFO - Processing indicator: Corporate Tax Rate
2025-02-15 04:40:35,940 - tools.financy.macro_economy.macro_monitor_tool - INFO - Processing indicator: Personal Income Tax Rate
2025-02-15 04:40:35,940 - tools.financy.macro_economy.macro_monitor_tool - INFO - Searching for data for Region.CHINA at https://tradingeconomics.com/china/indicators
2025-02-15 04:40:37,932 - tools.financy.macro_economy.macro_monitor_tool - INFO - Processing indicator: Currency
2025-02-15 04:40:37,932 - tools.financy.macro_economy.macro_monitor_tool - INFO - Processing indicator: Stock Market
2025-02-15 04:40:37,932 - tools.financy.macro_economy.macro_monitor_tool - INFO - Processing indicator: GDP Growth Rate
2025-02-15 04:40:37,932 - tools.financy.macro_economy.macro_monitor_tool - INFO - Processing indicator: GDP Annual Growth Rate
2025-02-15 04:40:37,933 - tools.financy.macro_economy.macro_monitor_tool - INFO - Processing indicator: Unemployment Rate
2025-02-15 04:40:37,933 - tools.financy.macro_economy.macro_monitor_tool - INFO - Processing indicator: Inflation Rate
2025-02-15 04:40:37,933 - tools.financy.macro_economy.macro_monitor_tool - INFO - Processing indicator: Inflation Rate MoM
2025-02-15 04:40:37,933 - tools.financy.macro_economy.macro_monitor_tool - INFO - Processing indicator: Interest Rate
2025-02-15 04:40:37,933 - tools.financy.macro_economy.macro_monitor_tool - INFO - Processing indicator: Cash Reserve Ratio
2025-02-15 04:40:37,933 - tools.financy.macro_economy.macro_monitor_tool - INFO - Processing indicator: Balance of Trade
2025-02-15 04:40:37,933 - tools.financy.macro_economy.macro_monitor_tool - INFO - Processing indicator: Current Account
2025-02-15 04:40:37,933 - tools.financy.macro_economy.macro_monitor_tool - INFO - Processing indicator: Current Account to GDP
2025-02-15 04:40:37,933 - tools.financy.macro_economy.macro_monitor_tool - INFO - Processing indicator: Government Debt to GDP
2025-02-15 04:40:37,933 - tools.financy.macro_economy.macro_monitor_tool - INFO - Processing indicator: Government Budget
2025-02-15 04:40:37,934 - tools.financy.macro_economy.macro_monitor_tool - INFO - Processing indicator: Business Confidence
2025-02-15 04:40:37,934 - tools.financy.macro_economy.macro_monitor_tool - INFO - Processing indicator: Manufacturing PMI
2025-02-15 04:40:37,934 - tools.financy.macro_economy.macro_monitor_tool - INFO - Processing indicator: Non Manufacturing PMI
2025-02-15 04:40:37,934 - tools.financy.macro_economy.macro_monitor_tool - INFO - Processing indicator: Services PMI
2025-02-15 04:40:37,934 - tools.financy.macro_economy.macro_monitor_tool - INFO - Processing indicator: Consumer Confidence
2025-02-15 04:40:37,934 - tools.financy.macro_economy.macro_monitor_tool - INFO - Processing indicator: Retail Sales MoM
2025-02-15 04:40:37,934 - tools.financy.macro_economy.macro_monitor_tool - INFO - Processing indicator: Corporate Tax Rate
2025-02-15 04:40:37,934 - tools.financy.macro_economy.macro_monitor_tool - INFO - Processing indicator: Personal Income Tax Rate
