2025-03-09 16:06:44,709 - __main__ - DEBUG - Starting earnings calendar tool execution
2025-03-09 16:06:44,709 - __main__ - DEBUG - Attempt 1 of 3 to get earnings data
2025-03-09 16:06:48,815 - __main__ - DEBUG - Accessing URL: https://www.investing.com/earnings-calendar/
2025-03-09 16:07:03,251 - __main__ - DEBUG - Processing timeframe: timeFrame_thisWeek
2025-03-09 16:07:13,374 - __main__ - ERROR - Error processing timeframe timeFrame_thisWeek: Message: 

2025-03-09 16:07:13,374 - __main__ - DEBUG - Processing timeframe: timeFrame_nextWeek
2025-03-09 16:07:23,491 - __main__ - ERROR - Error processing timeframe timeFrame_nextWeek: Message: 

2025-03-09 16:07:26,202 - __main__ - ERROR - Error getting earnings data: No earnings data was obtained from any timeframe
2025-03-09 16:07:48,495 - __main__ - DEBUG - Attempt 2 of 3 to get earnings data
2025-03-09 16:07:52,640 - __main__ - DEBUG - Accessing URL: https://www.investing.com/earnings-calendar/
2025-03-09 16:08:08,651 - __main__ - DEBUG - Processing timeframe: timeFrame_thisWeek
2025-03-09 16:08:18,783 - __main__ - ERROR - Error processing timeframe timeFrame_thisWeek: Message: 

2025-03-09 16:08:18,783 - __main__ - DEBUG - Processing timeframe: timeFrame_nextWeek
2025-03-09 16:08:28,915 - __main__ - ERROR - Error processing timeframe timeFrame_nextWeek: Message: 

2025-03-09 16:08:31,618 - __main__ - ERROR - Error getting earnings data: No earnings data was obtained from any timeframe
2025-03-09 16:08:53,968 - __main__ - DEBUG - Attempt 3 of 3 to get earnings data
2025-03-09 16:08:58,114 - __main__ - DEBUG - Accessing URL: https://www.investing.com/earnings-calendar/
2025-03-09 16:09:16,663 - __main__ - DEBUG - Processing timeframe: timeFrame_thisWeek
2025-03-09 16:09:26,787 - __main__ - ERROR - Error processing timeframe timeFrame_thisWeek: Message: 

2025-03-09 16:09:26,787 - __main__ - DEBUG - Processing timeframe: timeFrame_nextWeek
2025-03-09 16:09:36,920 - __main__ - ERROR - Error processing timeframe timeFrame_nextWeek: Message: 

2025-03-09 16:09:39,527 - __main__ - ERROR - Error getting earnings data: No earnings data was obtained from any timeframe
2025-03-09 16:09:59,914 - __main__ - ERROR - Error processing earnings calendar: No earnings data was obtained from any timeframe
2025-03-09 18:34:33,732 - __main__ - DEBUG - Starting earnings calendar tool execution
2025-03-09 18:34:33,732 - __main__ - DEBUG - Attempt 1 of 3 to get earnings data
2025-03-09 18:34:37,866 - __main__ - DEBUG - Accessing URL: https://www.investing.com/earnings-calendar/
2025-03-09 18:34:52,113 - __main__ - DEBUG - Processing timeframe: timeFrame_thisWeek
2025-03-09 18:35:02,240 - __main__ - ERROR - Error processing timeframe timeFrame_thisWeek: Message: 

2025-03-09 18:35:02,242 - __main__ - DEBUG - Processing timeframe: timeFrame_nextWeek
2025-03-09 18:35:12,367 - __main__ - ERROR - Error processing timeframe timeFrame_nextWeek: Message: 

2025-03-09 18:35:14,988 - __main__ - ERROR - Error getting earnings data: No earnings data was obtained from any timeframe
2025-03-09 18:35:37,381 - __main__ - DEBUG - Attempt 2 of 3 to get earnings data
2025-03-09 18:35:41,455 - __main__ - DEBUG - Accessing URL: https://www.investing.com/earnings-calendar/
2025-03-09 18:35:56,314 - __main__ - DEBUG - Processing timeframe: timeFrame_thisWeek
2025-03-09 18:36:06,448 - __main__ - ERROR - Error processing timeframe timeFrame_thisWeek: Message: 

2025-03-09 18:36:06,448 - __main__ - DEBUG - Processing timeframe: timeFrame_nextWeek
2025-03-09 18:36:16,580 - __main__ - ERROR - Error processing timeframe timeFrame_nextWeek: Message: 

2025-03-09 18:36:19,196 - __main__ - ERROR - Error getting earnings data: No earnings data was obtained from any timeframe
2025-03-09 18:36:41,589 - __main__ - DEBUG - Attempt 3 of 3 to get earnings data
2025-03-09 18:36:45,880 - __main__ - DEBUG - Accessing URL: https://www.investing.com/earnings-calendar/
2025-03-09 18:37:04,716 - __main__ - DEBUG - Processing timeframe: timeFrame_thisWeek
2025-03-09 18:37:14,864 - __main__ - ERROR - Error processing timeframe timeFrame_thisWeek: Message: 

2025-03-09 18:37:14,864 - __main__ - DEBUG - Processing timeframe: timeFrame_nextWeek
2025-03-09 18:37:25,005 - __main__ - ERROR - Error processing timeframe timeFrame_nextWeek: Message: 

2025-03-09 18:37:27,623 - __main__ - ERROR - Error getting earnings data: No earnings data was obtained from any timeframe
2025-03-09 18:37:47,992 - __main__ - ERROR - Error processing earnings calendar: No earnings data was obtained from any timeframe
